#! /usr/local/Cellar/icarus-verilog/10.3/bin/vvp
:ivl_version "10.3 (stable)" "(v10_3)";
:ivl_delay_selection "TYPICAL";
:vpi_time_precision + 0;
:vpi_module "system";
:vpi_module "vhdl_sys";
:vpi_module "v2005_math";
:vpi_module "va_math";
S_0x7fed6bc05f20 .scope module, "wbuf_send_test" "wbuf_send_test" 2 1;
 .timescale 0 0;
P_0x7fed6bc06080 .param/l "step" 0 2 17, +C4<00000000000000000000000000001010>;
v0x7fed6e004850_0 .var "CLK", 0 0;
v0x7fed6e004910_0 .net "RADDRX", 15 0, v0x7fed6e0041e0_0;  1 drivers
v0x7fed6e0049c0_0 .net "RCEBX", 0 0, v0x7fed6e0042a0_0;  1 drivers
v0x7fed6e004a90_0 .var "RSTL", 0 0;
v0x7fed6e004b40_0 .net "WBUF_EN", 0 0, v0x7fed6e0043f0_0;  1 drivers
v0x7fed6e004c10_0 .net "WBUF_EN_CTRL", 5 0, v0x7fed6e0044d0_0;  1 drivers
v0x7fed6e004cc0_0 .var "WBUF_SEND", 0 0;
S_0x7fed6bc06180 .scope module, "wbuf_send_instance" "wbuf_send" 2 7, 3 1 0, S_0x7fed6bc05f20;
 .timescale 0 0;
    .port_info 0 /INPUT 1 "CLK"
    .port_info 1 /INPUT 1 "RSTL"
    .port_info 2 /INPUT 1 "WBUF_SEND"
    .port_info 3 /OUTPUT 16 "RADDRX"
    .port_info 4 /OUTPUT 1 "RCEBX"
    .port_info 5 /OUTPUT 1 "WBUF_EN"
    .port_info 6 /OUTPUT 6 "WBUF_EN_CTRL"
v0x7fed6bc063d0_0 .net "CLK", 0 0, v0x7fed6e004850_0;  1 drivers
v0x7fed6e0041e0_0 .var "RADDRX", 15 0;
v0x7fed6e0042a0_0 .var "RCEBX", 0 0;
v0x7fed6e004350_0 .net "RSTL", 0 0, v0x7fed6e004a90_0;  1 drivers
v0x7fed6e0043f0_0 .var "WBUF_EN", 0 0;
v0x7fed6e0044d0_0 .var "WBUF_EN_CTRL", 5 0;
v0x7fed6e004580_0 .net "WBUF_SEND", 0 0, v0x7fed6e004cc0_0;  1 drivers
v0x7fed6e004620_0 .var "cnt", 2 0;
v0x7fed6e0046d0_0 .var "counter0", 7 0;
E_0x7fed6bc06150/0 .event negedge, v0x7fed6e004350_0;
E_0x7fed6bc06150/1 .event posedge, v0x7fed6bc063d0_0;
E_0x7fed6bc06150 .event/or E_0x7fed6bc06150/0, E_0x7fed6bc06150/1;
    .scope S_0x7fed6bc06180;
T_0 ;
    %wait E_0x7fed6bc06150;
    %load/vec4 v0x7fed6e004350_0;
    %nor/r;
    %flag_set/vec4 8;
    %jmp/0xz  T_0.0, 8;
    %pushi/vec4 0, 0, 8;
    %assign/vec4 v0x7fed6e0046d0_0, 0;
    %jmp T_0.1;
T_0.0 ;
    %load/vec4 v0x7fed6e004580_0;
    %flag_set/vec4 8;
    %jmp/0xz  T_0.2, 8;
    %pushi/vec4 32, 0, 8;
    %assign/vec4 v0x7fed6e0046d0_0, 0;
    %pushi/vec4 0, 0, 1;
    %assign/vec4 v0x7fed6e0042a0_0, 0;
    %jmp T_0.3;
T_0.2 ;
    %load/vec4 v0x7fed6e0046d0_0;
    %pad/u 32;
    %pushi/vec4 0, 0, 32;
    %cmp/e;
    %flag_get/vec4 4;
    %inv;
    %load/vec4 v0x7fed6e004620_0;
    %pushi/vec4 4, 0, 3;
    %cmp/e;
    %flag_get/vec4 4;
    %and;
    %flag_set/vec4 8;
    %jmp/0xz  T_0.4, 8;
    %load/vec4 v0x7fed6e0046d0_0;
    %subi 1, 0, 8;
    %assign/vec4 v0x7fed6e0046d0_0, 0;
T_0.4 ;
T_0.3 ;
T_0.1 ;
    %jmp T_0;
    .thread T_0;
    .scope S_0x7fed6bc06180;
T_1 ;
    %wait E_0x7fed6bc06150;
    %load/vec4 v0x7fed6e004350_0;
    %nor/r;
    %flag_set/vec4 8;
    %jmp/0xz  T_1.0, 8;
    %pushi/vec4 1, 0, 1;
    %assign/vec4 v0x7fed6e0042a0_0, 0;
    %jmp T_1.1;
T_1.0 ;
    %load/vec4 v0x7fed6e0046d0_0;
    %cmpi/ne 0, 0, 8;
    %jmp/0xz  T_1.2, 4;
    %pushi/vec4 0, 0, 1;
    %assign/vec4 v0x7fed6e0042a0_0, 0;
    %jmp T_1.3;
T_1.2 ;
    %pushi/vec4 1, 0, 1;
    %assign/vec4 v0x7fed6e0042a0_0, 0;
T_1.3 ;
T_1.1 ;
    %jmp T_1;
    .thread T_1;
    .scope S_0x7fed6bc06180;
T_2 ;
    %wait E_0x7fed6bc06150;
    %load/vec4 v0x7fed6e004350_0;
    %nor/r;
    %flag_set/vec4 8;
    %jmp/0xz  T_2.0, 8;
    %pushi/vec4 0, 0, 1;
    %assign/vec4 v0x7fed6e0043f0_0, 0;
    %jmp T_2.1;
T_2.0 ;
    %load/vec4 v0x7fed6e0046d0_0;
    %cmpi/ne 0, 0, 8;
    %jmp/0xz  T_2.2, 4;
    %pushi/vec4 1, 0, 1;
    %assign/vec4 v0x7fed6e0043f0_0, 0;
    %jmp T_2.3;
T_2.2 ;
    %pushi/vec4 0, 0, 1;
    %assign/vec4 v0x7fed6e0043f0_0, 0;
T_2.3 ;
T_2.1 ;
    %jmp T_2;
    .thread T_2;
    .scope S_0x7fed6bc06180;
T_3 ;
    %wait E_0x7fed6bc06150;
    %load/vec4 v0x7fed6e004350_0;
    %nor/r;
    %flag_set/vec4 8;
    %jmp/0xz  T_3.0, 8;
    %pushi/vec4 0, 0, 3;
    %assign/vec4 v0x7fed6e004620_0, 0;
    %jmp T_3.1;
T_3.0 ;
    %load/vec4 v0x7fed6e0046d0_0;
    %cmpi/ne 0, 0, 8;
    %jmp/0xz  T_3.2, 4;
    %load/vec4 v0x7fed6e004620_0;
    %cmpi/e 4, 0, 3;
    %jmp/0xz  T_3.4, 4;
    %load/vec4 v0x7fed6e0046d0_0;
    %pad/u 16;
    %cmpi/e 1, 0, 16;
    %jmp/0xz  T_3.6, 4;
    %pushi/vec4 0, 0, 3;
    %assign/vec4 v0x7fed6e004620_0, 0;
    %pushi/vec4 0, 0, 1;
    %assign/vec4 v0x7fed6e0043f0_0, 0;
    %jmp T_3.7;
T_3.6 ;
    %pushi/vec4 1, 0, 3;
    %assign/vec4 v0x7fed6e004620_0, 0;
T_3.7 ;
    %jmp T_3.5;
T_3.4 ;
    %load/vec4 v0x7fed6e004620_0;
    %addi 1, 0, 3;
    %assign/vec4 v0x7fed6e004620_0, 0;
T_3.5 ;
    %jmp T_3.3;
T_3.2 ;
    %pushi/vec4 0, 0, 3;
    %assign/vec4 v0x7fed6e004620_0, 0;
T_3.3 ;
T_3.1 ;
    %jmp T_3;
    .thread T_3;
    .scope S_0x7fed6bc06180;
T_4 ;
    %wait E_0x7fed6bc06150;
    %load/vec4 v0x7fed6e004350_0;
    %nor/r;
    %flag_set/vec4 8;
    %jmp/0xz  T_4.0, 8;
    %pushi/vec4 0, 0, 16;
    %assign/vec4 v0x7fed6e0041e0_0, 0;
    %jmp T_4.1;
T_4.0 ;
    %load/vec4 v0x7fed6e0046d0_0;
    %cmpi/ne 0, 0, 8;
    %jmp/0xz  T_4.2, 4;
    %load/vec4 v0x7fed6e004620_0;
    %pushi/vec4 4, 0, 3;
    %cmp/e;
    %flag_get/vec4 4;
    %load/vec4 v0x7fed6e0046d0_0;
    %pad/u 32;
    %pushi/vec4 1, 0, 32;
    %cmp/e;
    %flag_get/vec4 4;
    %and;
    %flag_set/vec4 8;
    %jmp/0xz  T_4.4, 8;
    %load/vec4 v0x7fed6e0041e0_0;
    %assign/vec4 v0x7fed6e0041e0_0, 0;
    %jmp T_4.5;
T_4.4 ;
    %load/vec4 v0x7fed6e0041e0_0;
    %addi 1, 0, 16;
    %assign/vec4 v0x7fed6e0041e0_0, 0;
T_4.5 ;
T_4.2 ;
T_4.1 ;
    %jmp T_4;
    .thread T_4;
    .scope S_0x7fed6bc06180;
T_5 ;
    %wait E_0x7fed6bc06150;
    %load/vec4 v0x7fed6e004350_0;
    %nor/r;
    %flag_set/vec4 8;
    %jmp/0xz  T_5.0, 8;
    %pushi/vec4 0, 0, 6;
    %assign/vec4 v0x7fed6e0044d0_0, 0;
    %jmp T_5.1;
T_5.0 ;
    %load/vec4 v0x7fed6e0046d0_0;
    %pad/u 32;
    %pushi/vec4 1, 0, 32;
    %cmp/e;
    %flag_get/vec4 4;
    %inv;
    %load/vec4 v0x7fed6e004620_0;
    %pushi/vec4 4, 0, 3;
    %cmp/e;
    %flag_get/vec4 4;
    %and;
    %flag_set/vec4 8;
    %jmp/0xz  T_5.2, 8;
    %load/vec4 v0x7fed6e0044d0_0;
    %addi 1, 0, 6;
    %assign/vec4 v0x7fed6e0044d0_0, 0;
T_5.2 ;
T_5.1 ;
    %jmp T_5;
    .thread T_5;
    .scope S_0x7fed6bc05f20;
T_6 ;
    %pushi/vec4 0, 0, 1;
    %store/vec4 v0x7fed6e004850_0, 0, 1;
T_6.0 ;
    %delay 10, 0;
    %load/vec4 v0x7fed6e004850_0;
    %inv;
    %store/vec4 v0x7fed6e004850_0, 0, 1;
    %jmp T_6.0;
    %end;
    .thread T_6;
    .scope S_0x7fed6bc05f20;
T_7 ;
    %pushi/vec4 0, 0, 1;
    %store/vec4 v0x7fed6e004a90_0, 0, 1;
    %pushi/vec4 0, 0, 1;
    %store/vec4 v0x7fed6e004cc0_0, 0, 1;
    %delay 30, 0;
    %pushi/vec4 1, 0, 1;
    %store/vec4 v0x7fed6e004a90_0, 0, 1;
    %pushi/vec4 1, 0, 1;
    %store/vec4 v0x7fed6e004cc0_0, 0, 1;
    %delay 20, 0;
    %pushi/vec4 0, 0, 1;
    %store/vec4 v0x7fed6e004cc0_0, 0, 1;
    %end;
    .thread T_7;
    .scope S_0x7fed6bc05f20;
T_8 ;
    %delay 5000, 0;
    %vpi_call 2 36 "$finish" {0 0 0};
    %end;
    .thread T_8;
    .scope S_0x7fed6bc05f20;
T_9 ;
    %vpi_call 2 40 "$dumpfile", "wbuf_send_test.vcd" {0 0 0};
    %vpi_call 2 41 "$dumpvars", 32'sb00000000000000000000000000000000, S_0x7fed6bc06180 {0 0 0};
    %end;
    .thread T_9;
# The file index is used to find the file name in the following table.
:file_names 4;
    "N/A";
    "<interactive>";
    "wbuf_send_test.v";
    "wbuf_send_old.v";
