#! /usr/local/Cellar/icarus-verilog/10.3/bin/vvp
:ivl_version "10.3 (stable)" "(v10_3)";
:ivl_delay_selection "TYPICAL";
:vpi_time_precision - 10;
:vpi_module "system";
:vpi_module "vhdl_sys";
:vpi_module "v2005_math";
:vpi_module "va_math";
S_0x7fb5f970e120 .scope module, "sequencer_test" "sequencer_test" 2 3;
 .timescale -10 -10;
P_0x7fb5f9705710 .param/l "STEP" 0 2 5, +C4<00000000000000000000000000110010>;
v0x7fb5fa8352d0_0 .net "a", 15 0, L_0x7fb5fa8358e0;  1 drivers
L_0x7fb5f9663050 .functor BUFT 1, C4<0>, C4<0>, C4<0>, C4<0>;
v0x7fb5fa8353a0_0 .net "ceb", 0 0, L_0x7fb5f9663050;  1 drivers
v0x7fb5fa835450_0 .var "clk", 0 0;
v0x7fb5fa835540 .array "memory", 100 0, 255 0;
v0x7fb5fa8355d0_0 .var "purge", 0 0;
v0x7fb5fa8356a0_0 .var "q", 255 0;
v0x7fb5fa835730_0 .var "rstn", 0 0;
E_0x7fb5f9704700 .event posedge, v0x7fb5f9708030_0;
S_0x7fb5f9713c90 .scope module, "SEQUENCER_0" "SEQUENCER" 2 25, 3 3 0, S_0x7fb5f970e120;
 .timescale -10 -10;
    .port_info 0 /INPUT 1 "CLK"
    .port_info 1 /INPUT 1 "RSTL"
    .port_info 2 /INPUT 1 "PURGE"
    .port_info 3 /INPUT 1 "MBUSYW"
    .port_info 4 /INPUT 1 "MBUSYXI"
    .port_info 5 /INPUT 1 "MBUSYXO"
    .port_info 6 /INPUT 256 "QI"
    .port_info 7 /OUTPUT 16 "RADDRI"
    .port_info 8 /OUTPUT 1 "RCEBI"
    .port_info 9 /OUTPUT 16 "RADDRX"
    .port_info 10 /OUTPUT 16 "RADDRW"
    .port_info 11 /OUTPUT 16 "WADDRX"
    .port_info 12 /OUTPUT 1 "BANKX"
    .port_info 13 /OUTPUT 1 "BANKW"
    .port_info 14 /OUTPUT 1 "RCEBW"
    .port_info 15 /OUTPUT 1 "RCEBX"
    .port_info 16 /OUTPUT 1 "WCEBX"
    .port_info 17 /OUTPUT 1 "REQW"
    .port_info 18 /OUTPUT 1 "WBUF_PURGE"
    .port_info 19 /OUTPUT 1 "WBUF_EN"
    .port_info 20 /OUTPUT 6 "WBUF_EN_CTRL"
    .port_info 21 /OUTPUT 1 "WBUF_ALL_EN"
    .port_info 22 /OUTPUT 1 "WBUF_SWITCH"
    .port_info 23 /OUTPUT 1 "FC_WEIGHT_EN"
    .port_info 24 /OUTPUT 1 "NL_EN"
    .port_info 25 /OUTPUT 1 "SHIFT_MODE"
    .port_info 26 /OUTPUT 2 "NL_SEL"
    .port_info 27 /OUTPUT 1 "MAC_EN"
    .port_info 28 /OUTPUT 1 "RESULT_REQ"
    .port_info 29 /OUTPUT 4 "OLSB"
    .port_info 30 /OUTPUT 1 "RESULT_PURGE"
    .port_info 31 /OUTPUT 1 "OUTPUT_EN"
    .port_info 32 /OUTPUT 6 "OUTPUT_EN_CTRL"
    .port_info 33 /OUTPUT 1 "I_COMPARE_EN"
    .port_info 34 /OUTPUT 1 "I_COMPARE_MODE"
    .port_info 35 /OUTPUT 1 "I_COMPARE_SWITCH"
    .port_info 36 /OUTPUT 1 "O_COMPARE_EN"
    .port_info 37 /OUTPUT 1 "O_COMPARE_MODE"
    .port_info 38 /OUTPUT 1 "O_COMPARE_SWITCH"
    .port_info 39 /OUTPUT 1 "CAL_MODE"
    .port_info 40 /OUTPUT 1 "CONV_FC_MODE"
    .port_info 41 /OUTPUT 1 "FEEDBACK_MODE"
    .port_info 42 /OUTPUT 1 "CONF_EN"
    .port_info 43 /OUTPUT 1 "I_COMPARE_REGEN"
    .port_info 44 /OUTPUT 2 "NL_LOOP_SEL"
    .port_info 45 /OUTPUT 1 "SEQ_LOAD_I"
    .port_info 46 /OUTPUT 1 "SEQ_FIN"
    .port_info 47 /OUTPUT 1 "SEQ_STARTW"
    .port_info 48 /OUTPUT 1 "SEQ_STARTX"
    .port_info 49 /OUTPUT 1 "SEQ_STARTX_OUT"
    .port_info 50 /OUTPUT 1 "RCEBX0"
L_0x7fb5fa835fa0 .functor NOT 1, v0x7fb5fa833950_0, C4<0>, C4<0>, C4<0>;
o0x7fb5f9632488 .functor BUFZ 1, C4<z>; HiZ drive
v0x7fb5fa8322f0_0 .net "BANKW", 0 0, o0x7fb5f9632488;  0 drivers
o0x7fb5f96324b8 .functor BUFZ 1, C4<z>; HiZ drive
v0x7fb5fa8323a0_0 .net "BANKX", 0 0, o0x7fb5f96324b8;  0 drivers
o0x7fb5f96324e8 .functor BUFZ 1, C4<z>; HiZ drive
v0x7fb5fa832440_0 .net "CAL_MODE", 0 0, o0x7fb5f96324e8;  0 drivers
v0x7fb5fa8324d0_0 .net "CLK", 0 0, v0x7fb5fa835450_0;  1 drivers
o0x7fb5f9632518 .functor BUFZ 1, C4<z>; HiZ drive
v0x7fb5fa832560_0 .net "CONF_EN", 0 0, o0x7fb5f9632518;  0 drivers
o0x7fb5f9632548 .functor BUFZ 1, C4<z>; HiZ drive
v0x7fb5fa832630_0 .net "CONV_FC_MODE", 0 0, o0x7fb5f9632548;  0 drivers
o0x7fb5f9632578 .functor BUFZ 1, C4<z>; HiZ drive
v0x7fb5fa8326d0_0 .net "FC_WEIGHT_EN", 0 0, o0x7fb5f9632578;  0 drivers
o0x7fb5f96325a8 .functor BUFZ 1, C4<z>; HiZ drive
v0x7fb5fa832770_0 .net "FEEDBACK_MODE", 0 0, o0x7fb5f96325a8;  0 drivers
o0x7fb5f96325d8 .functor BUFZ 1, C4<z>; HiZ drive
v0x7fb5fa832810_0 .net "I_COMPARE_EN", 0 0, o0x7fb5f96325d8;  0 drivers
o0x7fb5f9632608 .functor BUFZ 1, C4<z>; HiZ drive
v0x7fb5fa832920_0 .net "I_COMPARE_MODE", 0 0, o0x7fb5f9632608;  0 drivers
o0x7fb5f9632638 .functor BUFZ 1, C4<z>; HiZ drive
v0x7fb5fa8329b0_0 .net "I_COMPARE_REGEN", 0 0, o0x7fb5f9632638;  0 drivers
o0x7fb5f9632668 .functor BUFZ 1, C4<z>; HiZ drive
v0x7fb5fa832a50_0 .net "I_COMPARE_SWITCH", 0 0, o0x7fb5f9632668;  0 drivers
o0x7fb5f9632698 .functor BUFZ 1, C4<z>; HiZ drive
v0x7fb5fa832af0_0 .net "MAC_EN", 0 0, o0x7fb5f9632698;  0 drivers
o0x7fb5f96326c8 .functor BUFZ 1, C4<z>; HiZ drive
v0x7fb5fa832b90_0 .net "MBUSYW", 0 0, o0x7fb5f96326c8;  0 drivers
o0x7fb5f96326f8 .functor BUFZ 1, C4<z>; HiZ drive
v0x7fb5fa832c30_0 .net "MBUSYXI", 0 0, o0x7fb5f96326f8;  0 drivers
o0x7fb5f9632728 .functor BUFZ 1, C4<z>; HiZ drive
v0x7fb5fa832cd0_0 .net "MBUSYXO", 0 0, o0x7fb5f9632728;  0 drivers
o0x7fb5f9632758 .functor BUFZ 1, C4<z>; HiZ drive
v0x7fb5fa832d70_0 .net "NL_EN", 0 0, o0x7fb5f9632758;  0 drivers
o0x7fb5f9632788 .functor BUFZ 2, C4<zz>; HiZ drive
v0x7fb5fa832f00_0 .net "NL_LOOP_SEL", 1 0, o0x7fb5f9632788;  0 drivers
o0x7fb5f96327b8 .functor BUFZ 2, C4<zz>; HiZ drive
v0x7fb5fa832f90_0 .net "NL_SEL", 1 0, o0x7fb5f96327b8;  0 drivers
o0x7fb5f96327e8 .functor BUFZ 4, C4<zzzz>; HiZ drive
v0x7fb5fa833030_0 .net "OLSB", 3 0, o0x7fb5f96327e8;  0 drivers
o0x7fb5f9632818 .functor BUFZ 1, C4<z>; HiZ drive
v0x7fb5fa8330e0_0 .net "OUTPUT_EN", 0 0, o0x7fb5f9632818;  0 drivers
o0x7fb5f9632848 .functor BUFZ 6, C4<zzzzzz>; HiZ drive
v0x7fb5fa833180_0 .net "OUTPUT_EN_CTRL", 5 0, o0x7fb5f9632848;  0 drivers
o0x7fb5f9632878 .functor BUFZ 1, C4<z>; HiZ drive
v0x7fb5fa833230_0 .net "O_COMPARE_EN", 0 0, o0x7fb5f9632878;  0 drivers
o0x7fb5f96328a8 .functor BUFZ 1, C4<z>; HiZ drive
v0x7fb5fa8332d0_0 .net "O_COMPARE_MODE", 0 0, o0x7fb5f96328a8;  0 drivers
o0x7fb5f96328d8 .functor BUFZ 1, C4<z>; HiZ drive
v0x7fb5fa833370_0 .net "O_COMPARE_SWITCH", 0 0, o0x7fb5f96328d8;  0 drivers
v0x7fb5fa833410_0 .net "PURGE", 0 0, v0x7fb5fa8355d0_0;  1 drivers
v0x7fb5fa8334b0_0 .net "QI", 255 0, v0x7fb5fa8356a0_0;  1 drivers
v0x7fb5fa833560_0 .net "RADDRI", 15 0, L_0x7fb5fa8358e0;  alias, 1 drivers
o0x7fb5f9632998 .functor BUFZ 16, C4<zzzzzzzzzzzzzzzz>; HiZ drive
v0x7fb5fa833610_0 .net "RADDRW", 15 0, o0x7fb5f9632998;  0 drivers
v0x7fb5fa8336c0_0 .net "RADDRX", 15 0, L_0x7fb5fa836010;  1 drivers
v0x7fb5fa833780_0 .net "RCEBI", 0 0, L_0x7fb5f9663050;  alias, 1 drivers
o0x7fb5f96329f8 .functor BUFZ 1, C4<z>; HiZ drive
v0x7fb5fa833810_0 .net "RCEBW", 0 0, o0x7fb5f96329f8;  0 drivers
v0x7fb5fa8338a0_0 .net "RCEBX", 0 0, L_0x7fb5fa8360c0;  1 drivers
o0x7fb5f9632a28 .functor BUFZ 1, C4<z>; HiZ drive
v0x7fb5fa832e00_0 .net "RCEBX0", 0 0, o0x7fb5f9632a28;  0 drivers
o0x7fb5f9632a58 .functor BUFZ 1, C4<z>; HiZ drive
v0x7fb5fa833b30_0 .net "REQW", 0 0, o0x7fb5f9632a58;  0 drivers
o0x7fb5f9632a88 .functor BUFZ 1, C4<z>; HiZ drive
v0x7fb5fa833bc0_0 .net "RESULT_PURGE", 0 0, o0x7fb5f9632a88;  0 drivers
o0x7fb5f9632ab8 .functor BUFZ 1, C4<z>; HiZ drive
v0x7fb5fa833c50_0 .net "RESULT_REQ", 0 0, o0x7fb5f9632ab8;  0 drivers
v0x7fb5fa833ce0_0 .net "RSTL", 0 0, v0x7fb5fa835730_0;  1 drivers
o0x7fb5f9632ae8 .functor BUFZ 1, C4<z>; HiZ drive
v0x7fb5fa833d70_0 .net "SEQ_FIN", 0 0, o0x7fb5f9632ae8;  0 drivers
o0x7fb5f9632b18 .functor BUFZ 1, C4<z>; HiZ drive
v0x7fb5fa833e00_0 .net "SEQ_LOAD_I", 0 0, o0x7fb5f9632b18;  0 drivers
o0x7fb5f9632b48 .functor BUFZ 1, C4<z>; HiZ drive
v0x7fb5fa833e90_0 .net "SEQ_STARTW", 0 0, o0x7fb5f9632b48;  0 drivers
o0x7fb5f9632b78 .functor BUFZ 1, C4<z>; HiZ drive
v0x7fb5fa833f20_0 .net "SEQ_STARTX", 0 0, o0x7fb5f9632b78;  0 drivers
o0x7fb5f9632ba8 .functor BUFZ 1, C4<z>; HiZ drive
v0x7fb5fa833fb0_0 .net "SEQ_STARTX_OUT", 0 0, o0x7fb5f9632ba8;  0 drivers
o0x7fb5f9632bd8 .functor BUFZ 1, C4<z>; HiZ drive
v0x7fb5fa834040_0 .net "SHIFT_MODE", 0 0, o0x7fb5f9632bd8;  0 drivers
o0x7fb5f9632c08 .functor BUFZ 16, C4<zzzzzzzzzzzzzzzz>; HiZ drive
v0x7fb5fa8340d0_0 .net "WADDRX", 15 0, o0x7fb5f9632c08;  0 drivers
o0x7fb5f9632c38 .functor BUFZ 1, C4<z>; HiZ drive
v0x7fb5fa834160_0 .net "WBUF_ALL_EN", 0 0, o0x7fb5f9632c38;  0 drivers
v0x7fb5fa834200_0 .net "WBUF_EN", 0 0, L_0x7fb5fa836170;  1 drivers
v0x7fb5fa8342b0_0 .net "WBUF_EN_CTRL", 5 0, L_0x7fb5fa836220;  1 drivers
o0x7fb5f9632c68 .functor BUFZ 1, C4<z>; HiZ drive
v0x7fb5fa834360_0 .net "WBUF_PURGE", 0 0, o0x7fb5f9632c68;  0 drivers
o0x7fb5f9632c98 .functor BUFZ 1, C4<z>; HiZ drive
v0x7fb5fa8343f0_0 .net "WBUF_SWITCH", 0 0, o0x7fb5f9632c98;  0 drivers
o0x7fb5f9632cc8 .functor BUFZ 1, C4<z>; HiZ drive
v0x7fb5fa834490_0 .net "WCEBX", 0 0, o0x7fb5f9632cc8;  0 drivers
v0x7fb5fa834530_0 .net *"_s1", 14 0, L_0x7fb5fa835800;  1 drivers
L_0x7fb5f9663098 .functor BUFT 1, C4<00000000>, C4<0>, C4<0>, C4<0>;
v0x7fb5fa8345e0_0 .net *"_s13", 7 0, L_0x7fb5f9663098;  1 drivers
v0x7fb5fa834690_0 .net *"_s14", 31 0, L_0x7fb5fa835ca0;  1 drivers
L_0x7fb5f96630e0 .functor BUFT 1, C4<000000000000000000000000>, C4<0>, C4<0>, C4<0>;
v0x7fb5fa834740_0 .net *"_s17", 23 0, L_0x7fb5f96630e0;  1 drivers
L_0x7fb5f9663128 .functor BUFT 1, C4<00000000000000000000000000000000>, C4<0>, C4<0>, C4<0>;
v0x7fb5fa8347f0_0 .net/2u *"_s18", 31 0, L_0x7fb5f9663128;  1 drivers
L_0x7fb5f9663008 .functor BUFT 1, C4<0>, C4<0>, C4<0>, C4<0>;
v0x7fb5fa8348a0_0 .net/2u *"_s2", 0 0, L_0x7fb5f9663008;  1 drivers
v0x7fb5fa834950_0 .net *"_s9", 7 0, L_0x7fb5fa835aa0;  1 drivers
v0x7fb5fa834a00_0 .net "busy", 0 0, L_0x7fb5fa835e80;  1 drivers
v0x7fb5fa834aa0_0 .var "cnt", 2 0;
v0x7fb5fa834b50_0 .var "counter", 7 0;
v0x7fb5fa834c00_0 .net "counter_en", 15 0, L_0x7fb5fa835b80;  1 drivers
v0x7fb5fa834cb0_0 .net "counter_end", 7 0, L_0x7fb5fa8362d0;  1 drivers
v0x7fb5fa834d70_0 .net "decode", 0 0, L_0x7fb5fa835fa0;  1 drivers
v0x7fb5fa834e00_0 .var "pc", 15 0;
v0x7fb5fa833950_0 .var "pre_busy", 0 0;
v0x7fb5fa8339f0_0 .var "reg_raddrx_bak", 15 0;
L_0x7fb5fa835800 .part v0x7fb5fa834e00_0, 0, 15;
L_0x7fb5fa8358e0 .concat [ 1 15 0 0], L_0x7fb5f9663008, L_0x7fb5fa835800;
L_0x7fb5fa835aa0 .part v0x7fb5fa8356a0_0, 1, 8;
L_0x7fb5fa835b80 .concat [ 8 8 0 0], L_0x7fb5fa835aa0, L_0x7fb5f9663098;
L_0x7fb5fa835ca0 .concat [ 8 24 0 0], v0x7fb5fa834b50_0, L_0x7fb5f96630e0;
L_0x7fb5fa835e80 .cmp/ne 32, L_0x7fb5fa835ca0, L_0x7fb5f9663128;
L_0x7fb5fa8363b0 .part v0x7fb5fa8356a0_0, 0, 1;
L_0x7fb5fa836490 .part v0x7fb5fa8356a0_0, 1, 8;
S_0x7fb5f9707ed0 .scope module, "wbuf_send_0" "wbuf_send" 3 199, 4 1 0, S_0x7fb5f9713c90;
 .timescale -10 -10;
    .port_info 0 /INPUT 1 "CLK"
    .port_info 1 /INPUT 1 "RSTL"
    .port_info 2 /INPUT 1 "WBUF_SEND"
    .port_info 3 /INPUT 8 "COUNTER0"
    .port_info 4 /OUTPUT 16 "RADDRX"
    .port_info 5 /OUTPUT 1 "RCEBX"
    .port_info 6 /OUTPUT 1 "WBUF_EN"
    .port_info 7 /OUTPUT 6 "WBUF_EN_CTRL"
    .port_info 8 /OUTPUT 8 "COUNTER_END"
L_0x7fb5fa836010 .functor BUFZ 16, v0x7fb5fa831f70_0, C4<0000000000000000>, C4<0000000000000000>, C4<0000000000000000>;
L_0x7fb5fa8360c0 .functor BUFZ 1, v0x7fb5fa832020_0, C4<0>, C4<0>, C4<0>;
L_0x7fb5fa836170 .functor BUFZ 1, v0x7fb5fa8320c0_0, C4<0>, C4<0>, C4<0>;
L_0x7fb5fa836220 .functor BUFZ 6, v0x7fb5fa832160_0, C4<000000>, C4<000000>, C4<000000>;
L_0x7fb5fa8362d0 .functor BUFZ 8, v0x7fb5fa831ec0_0, C4<00000000>, C4<00000000>, C4<00000000>;
v0x7fb5f9708030_0 .net "CLK", 0 0, v0x7fb5fa835450_0;  alias, 1 drivers
v0x7fb5fa831840_0 .net "COUNTER0", 7 0, L_0x7fb5fa836490;  1 drivers
v0x7fb5fa831900_0 .net "COUNTER_END", 7 0, L_0x7fb5fa8362d0;  alias, 1 drivers
v0x7fb5fa8319b0_0 .net "RADDRX", 15 0, L_0x7fb5fa836010;  alias, 1 drivers
v0x7fb5fa831a40_0 .net "RCEBX", 0 0, L_0x7fb5fa8360c0;  alias, 1 drivers
v0x7fb5fa831b20_0 .net "RSTL", 0 0, v0x7fb5fa835730_0;  alias, 1 drivers
v0x7fb5fa831bc0_0 .net "WBUF_EN", 0 0, L_0x7fb5fa836170;  alias, 1 drivers
v0x7fb5fa831c60_0 .net "WBUF_EN_CTRL", 5 0, L_0x7fb5fa836220;  alias, 1 drivers
v0x7fb5fa831d10_0 .net "WBUF_SEND", 0 0, L_0x7fb5fa8363b0;  1 drivers
v0x7fb5fa831e20_0 .var "cnt", 2 0;
v0x7fb5fa831ec0_0 .var "counter0", 7 0;
v0x7fb5fa831f70_0 .var "reg_raddrx", 15 0;
v0x7fb5fa832020_0 .var "reg_rcebx", 0 0;
v0x7fb5fa8320c0_0 .var "reg_wbufen", 0 0;
v0x7fb5fa832160_0 .var "reg_wbufenctrl", 5 0;
E_0x7fb5f97045e0/0 .event negedge, v0x7fb5fa831b20_0;
E_0x7fb5f97045e0/1 .event posedge, v0x7fb5f9708030_0;
E_0x7fb5f97045e0 .event/or E_0x7fb5f97045e0/0, E_0x7fb5f97045e0/1;
    .scope S_0x7fb5f9707ed0;
T_0 ;
    %wait E_0x7fb5f97045e0;
    %load/vec4 v0x7fb5fa831b20_0;
    %nor/r;
    %flag_set/vec4 8;
    %jmp/0xz  T_0.0, 8;
    %pushi/vec4 0, 0, 16;
    %assign/vec4 v0x7fb5fa831f70_0, 0;
    %jmp T_0.1;
T_0.0 ;
    %load/vec4 v0x7fb5fa831840_0;
    %cmpi/ne 0, 0, 8;
    %jmp/0xz  T_0.2, 4;
    %load/vec4 v0x7fb5fa831f70_0;
    %addi 1, 0, 16;
    %assign/vec4 v0x7fb5fa831f70_0, 0;
    %jmp T_0.3;
T_0.2 ;
    %load/vec4 v0x7fb5fa831f70_0;
    %assign/vec4 v0x7fb5fa831f70_0, 0;
T_0.3 ;
T_0.1 ;
    %jmp T_0;
    .thread T_0;
    .scope S_0x7fb5f9707ed0;
T_1 ;
    %wait E_0x7fb5f97045e0;
    %load/vec4 v0x7fb5fa831b20_0;
    %nor/r;
    %flag_set/vec4 8;
    %jmp/0xz  T_1.0, 8;
    %pushi/vec4 0, 0, 6;
    %assign/vec4 v0x7fb5fa832160_0, 0;
    %jmp T_1.1;
T_1.0 ;
    %load/vec4 v0x7fb5fa831840_0;
    %cmpi/ne 0, 0, 8;
    %jmp/0xz  T_1.2, 4;
    %load/vec4 v0x7fb5fa831ec0_0;
    %pad/u 32;
    %pushi/vec4 1, 0, 32;
    %cmp/e;
    %flag_get/vec4 4;
    %inv;
    %load/vec4 v0x7fb5fa831e20_0;
    %pushi/vec4 4, 0, 3;
    %cmp/e;
    %flag_get/vec4 4;
    %and;
    %flag_set/vec4 8;
    %jmp/0xz  T_1.4, 8;
    %load/vec4 v0x7fb5fa832160_0;
    %addi 1, 0, 6;
    %assign/vec4 v0x7fb5fa832160_0, 0;
    %jmp T_1.5;
T_1.4 ;
    %load/vec4 v0x7fb5fa832160_0;
    %assign/vec4 v0x7fb5fa832160_0, 0;
T_1.5 ;
    %jmp T_1.3;
T_1.2 ;
    %load/vec4 v0x7fb5fa832160_0;
    %assign/vec4 v0x7fb5fa832160_0, 0;
T_1.3 ;
T_1.1 ;
    %jmp T_1;
    .thread T_1;
    .scope S_0x7fb5f9707ed0;
T_2 ;
    %wait E_0x7fb5f97045e0;
    %load/vec4 v0x7fb5fa831b20_0;
    %nor/r;
    %flag_set/vec4 8;
    %jmp/0xz  T_2.0, 8;
    %pushi/vec4 0, 0, 8;
    %assign/vec4 v0x7fb5fa831ec0_0, 0;
    %jmp T_2.1;
T_2.0 ;
    %load/vec4 v0x7fb5fa831d10_0;
    %flag_set/vec4 8;
    %jmp/0xz  T_2.2, 8;
    %load/vec4 v0x7fb5fa831ec0_0;
    %cmpi/e 0, 0, 8;
    %jmp/0xz  T_2.4, 4;
    %load/vec4 v0x7fb5fa831840_0;
    %assign/vec4 v0x7fb5fa831ec0_0, 0;
T_2.4 ;
    %jmp T_2.3;
T_2.2 ;
    %load/vec4 v0x7fb5fa831e20_0;
    %cmpi/e 4, 0, 3;
    %jmp/0xz  T_2.6, 4;
    %load/vec4 v0x7fb5fa831ec0_0;
    %subi 1, 0, 8;
    %assign/vec4 v0x7fb5fa831ec0_0, 0;
    %jmp T_2.7;
T_2.6 ;
    %load/vec4 v0x7fb5fa831ec0_0;
    %assign/vec4 v0x7fb5fa831ec0_0, 0;
T_2.7 ;
T_2.3 ;
T_2.1 ;
    %jmp T_2;
    .thread T_2;
    .scope S_0x7fb5f9707ed0;
T_3 ;
    %wait E_0x7fb5f97045e0;
    %load/vec4 v0x7fb5fa831b20_0;
    %nor/r;
    %flag_set/vec4 8;
    %jmp/0xz  T_3.0, 8;
    %pushi/vec4 0, 0, 3;
    %assign/vec4 v0x7fb5fa831e20_0, 0;
    %jmp T_3.1;
T_3.0 ;
    %load/vec4 v0x7fb5fa831840_0;
    %cmpi/ne 0, 0, 8;
    %jmp/0xz  T_3.2, 4;
    %load/vec4 v0x7fb5fa831e20_0;
    %cmpi/e 4, 0, 3;
    %jmp/0xz  T_3.4, 4;
    %load/vec4 v0x7fb5fa831ec0_0;
    %pad/u 16;
    %cmpi/e 1, 0, 16;
    %jmp/0xz  T_3.6, 4;
    %pushi/vec4 0, 0, 3;
    %assign/vec4 v0x7fb5fa831e20_0, 0;
    %jmp T_3.7;
T_3.6 ;
    %pushi/vec4 1, 0, 3;
    %assign/vec4 v0x7fb5fa831e20_0, 0;
T_3.7 ;
    %jmp T_3.5;
T_3.4 ;
    %load/vec4 v0x7fb5fa831e20_0;
    %addi 1, 0, 3;
    %assign/vec4 v0x7fb5fa831e20_0, 0;
T_3.5 ;
    %jmp T_3.3;
T_3.2 ;
    %pushi/vec4 0, 0, 3;
    %assign/vec4 v0x7fb5fa831e20_0, 0;
T_3.3 ;
T_3.1 ;
    %jmp T_3;
    .thread T_3;
    .scope S_0x7fb5f9707ed0;
T_4 ;
    %wait E_0x7fb5f97045e0;
    %load/vec4 v0x7fb5fa831b20_0;
    %nor/r;
    %flag_set/vec4 8;
    %jmp/0xz  T_4.0, 8;
    %pushi/vec4 1, 0, 1;
    %assign/vec4 v0x7fb5fa832020_0, 0;
    %jmp T_4.1;
T_4.0 ;
    %load/vec4 v0x7fb5fa831840_0;
    %cmpi/ne 0, 0, 8;
    %jmp/0xz  T_4.2, 4;
    %pushi/vec4 0, 0, 1;
    %assign/vec4 v0x7fb5fa832020_0, 0;
    %jmp T_4.3;
T_4.2 ;
    %pushi/vec4 1, 0, 1;
    %assign/vec4 v0x7fb5fa832020_0, 0;
T_4.3 ;
T_4.1 ;
    %jmp T_4;
    .thread T_4;
    .scope S_0x7fb5f9707ed0;
T_5 ;
    %wait E_0x7fb5f97045e0;
    %load/vec4 v0x7fb5fa831b20_0;
    %nor/r;
    %flag_set/vec4 8;
    %jmp/0xz  T_5.0, 8;
    %pushi/vec4 0, 0, 1;
    %assign/vec4 v0x7fb5fa8320c0_0, 0;
    %jmp T_5.1;
T_5.0 ;
    %load/vec4 v0x7fb5fa831840_0;
    %cmpi/ne 0, 0, 8;
    %jmp/0xz  T_5.2, 4;
    %pushi/vec4 1, 0, 1;
    %assign/vec4 v0x7fb5fa8320c0_0, 0;
    %jmp T_5.3;
T_5.2 ;
    %pushi/vec4 0, 0, 1;
    %assign/vec4 v0x7fb5fa8320c0_0, 0;
T_5.3 ;
T_5.1 ;
    %jmp T_5;
    .thread T_5;
    .scope S_0x7fb5f9713c90;
T_6 ;
    %wait E_0x7fb5f97045e0;
    %load/vec4 v0x7fb5fa833ce0_0;
    %nor/r;
    %load/vec4 v0x7fb5fa833410_0;
    %or;
    %flag_set/vec4 8;
    %jmp/0xz  T_6.0, 8;
    %pushi/vec4 1, 0, 1;
    %assign/vec4 v0x7fb5fa833950_0, 0;
    %jmp T_6.1;
T_6.0 ;
    %load/vec4 v0x7fb5fa834a00_0;
    %assign/vec4 v0x7fb5fa833950_0, 0;
T_6.1 ;
    %jmp T_6;
    .thread T_6;
    .scope S_0x7fb5f9713c90;
T_7 ;
    %wait E_0x7fb5f97045e0;
    %load/vec4 v0x7fb5fa833ce0_0;
    %nor/r;
    %flag_set/vec4 8;
    %jmp/0xz  T_7.0, 8;
    %pushi/vec4 0, 0, 16;
    %assign/vec4 v0x7fb5fa834e00_0, 0;
    %jmp T_7.1;
T_7.0 ;
    %load/vec4 v0x7fb5fa833410_0;
    %flag_set/vec4 8;
    %jmp/0xz  T_7.2, 8;
    %pushi/vec4 0, 0, 16;
    %assign/vec4 v0x7fb5fa834e00_0, 0;
    %jmp T_7.3;
T_7.2 ;
    %load/vec4 v0x7fb5fa834a00_0;
    %load/vec4 v0x7fb5fa834d70_0;
    %or;
    %flag_set/vec4 8;
    %jmp/0xz  T_7.4, 8;
    %load/vec4 v0x7fb5fa834e00_0;
    %assign/vec4 v0x7fb5fa834e00_0, 0;
    %jmp T_7.5;
T_7.4 ;
    %load/vec4 v0x7fb5fa834e00_0;
    %addi 1, 0, 16;
    %assign/vec4 v0x7fb5fa834e00_0, 0;
T_7.5 ;
T_7.3 ;
T_7.1 ;
    %jmp T_7;
    .thread T_7;
    .scope S_0x7fb5f9713c90;
T_8 ;
    %wait E_0x7fb5f97045e0;
    %load/vec4 v0x7fb5fa833ce0_0;
    %nor/r;
    %flag_set/vec4 8;
    %jmp/0xz  T_8.0, 8;
    %pushi/vec4 0, 0, 8;
    %assign/vec4 v0x7fb5fa834b50_0, 0;
    %jmp T_8.1;
T_8.0 ;
    %load/vec4 v0x7fb5fa8334b0_0;
    %parti/s 1, 0, 2;
    %flag_set/vec4 8;
    %jmp/0xz  T_8.2, 8;
    %load/vec4 v0x7fb5fa834b50_0;
    %cmpi/e 0, 0, 8;
    %jmp/0xz  T_8.4, 4;
    %load/vec4 v0x7fb5fa8334b0_0;
    %parti/s 8, 1, 2;
    %assign/vec4 v0x7fb5fa834b50_0, 0;
T_8.4 ;
    %jmp T_8.3;
T_8.2 ;
    %load/vec4 v0x7fb5fa834aa0_0;
    %cmpi/e 4, 0, 3;
    %jmp/0xz  T_8.6, 4;
    %load/vec4 v0x7fb5fa834b50_0;
    %subi 1, 0, 8;
    %assign/vec4 v0x7fb5fa834b50_0, 0;
    %jmp T_8.7;
T_8.6 ;
    %load/vec4 v0x7fb5fa834b50_0;
    %assign/vec4 v0x7fb5fa834b50_0, 0;
T_8.7 ;
T_8.3 ;
T_8.1 ;
    %jmp T_8;
    .thread T_8;
    .scope S_0x7fb5f9713c90;
T_9 ;
    %wait E_0x7fb5f97045e0;
    %load/vec4 v0x7fb5fa833ce0_0;
    %nor/r;
    %flag_set/vec4 8;
    %jmp/0xz  T_9.0, 8;
    %pushi/vec4 0, 0, 3;
    %assign/vec4 v0x7fb5fa834aa0_0, 0;
    %jmp T_9.1;
T_9.0 ;
    %load/vec4 v0x7fb5fa833410_0;
    %flag_set/vec4 8;
    %jmp/0xz  T_9.2, 8;
    %pushi/vec4 0, 0, 3;
    %assign/vec4 v0x7fb5fa834aa0_0, 0;
    %jmp T_9.3;
T_9.2 ;
    %load/vec4 v0x7fb5fa834c00_0;
    %cmpi/ne 0, 0, 16;
    %jmp/0xz  T_9.4, 4;
    %load/vec4 v0x7fb5fa834aa0_0;
    %cmpi/e 4, 0, 3;
    %jmp/0xz  T_9.6, 4;
    %load/vec4 v0x7fb5fa834b50_0;
    %pad/u 16;
    %cmpi/e 1, 0, 16;
    %jmp/0xz  T_9.8, 4;
    %pushi/vec4 0, 0, 3;
    %assign/vec4 v0x7fb5fa834aa0_0, 0;
    %jmp T_9.9;
T_9.8 ;
    %pushi/vec4 1, 0, 3;
    %assign/vec4 v0x7fb5fa834aa0_0, 0;
T_9.9 ;
    %jmp T_9.7;
T_9.6 ;
    %load/vec4 v0x7fb5fa834aa0_0;
    %addi 1, 0, 3;
    %assign/vec4 v0x7fb5fa834aa0_0, 0;
T_9.7 ;
    %jmp T_9.5;
T_9.4 ;
    %pushi/vec4 0, 0, 3;
    %assign/vec4 v0x7fb5fa834aa0_0, 0;
T_9.5 ;
T_9.3 ;
T_9.1 ;
    %jmp T_9;
    .thread T_9;
    .scope S_0x7fb5f9713c90;
T_10 ;
    %wait E_0x7fb5f97045e0;
    %load/vec4 v0x7fb5fa833ce0_0;
    %nor/r;
    %flag_set/vec4 8;
    %jmp/0xz  T_10.0, 8;
    %pushi/vec4 0, 0, 16;
    %assign/vec4 v0x7fb5fa8339f0_0, 0;
    %jmp T_10.1;
T_10.0 ;
    %load/vec4 v0x7fb5fa8336c0_0;
    %cmpi/ne 0, 0, 16;
    %jmp/0xz  T_10.2, 4;
    %load/vec4 v0x7fb5fa8336c0_0;
    %assign/vec4 v0x7fb5fa8339f0_0, 0;
    %jmp T_10.3;
T_10.2 ;
    %pushi/vec4 0, 0, 16;
    %assign/vec4 v0x7fb5fa8339f0_0, 0;
T_10.3 ;
T_10.1 ;
    %jmp T_10;
    .thread T_10;
    .scope S_0x7fb5f970e120;
T_11 ;
    %pushi/vec4 1, 0, 1;
    %store/vec4 v0x7fb5fa835450_0, 0, 1;
    %delay 25, 0;
    %pushi/vec4 0, 0, 1;
    %store/vec4 v0x7fb5fa835450_0, 0, 1;
    %delay 25, 0;
    %jmp T_11;
    .thread T_11;
    .scope S_0x7fb5f970e120;
T_12 ;
    %wait E_0x7fb5f9704700;
    %load/vec4 v0x7fb5fa8353a0_0;
    %nor/r;
    %flag_set/vec4 8;
    %jmp/0xz  T_12.0, 8;
    %pushi/vec4 0, 0, 2;
    %load/vec4 v0x7fb5fa8352d0_0;
    %parti/s 14, 1, 2;
    %concat/vec4; draw_concat_vec4
    %ix/vec4 4;
    %load/vec4a v0x7fb5fa835540, 4;
    %assign/vec4 v0x7fb5fa8356a0_0, 0;
    %jmp T_12.1;
T_12.0 ;
    %pushi/vec4 0, 0, 256;
    %assign/vec4 v0x7fb5fa8356a0_0, 0;
T_12.1 ;
    %jmp T_12;
    .thread T_12;
    .scope S_0x7fb5f970e120;
T_13 ;
    %vpi_call 2 35 "$dumpfile", "sequencer_new_test.vcd" {0 0 0};
    %vpi_call 2 36 "$dumpvars", 32'sb00000000000000000000000000000000, S_0x7fb5f9713c90 {0 0 0};
    %vpi_call 2 37 "$readmemb", "memfile.dat", v0x7fb5fa835540 {0 0 0};
    %pushi/vec4 0, 0, 1;
    %store/vec4 v0x7fb5fa835730_0, 0, 1;
    %pushi/vec4 0, 0, 1;
    %store/vec4 v0x7fb5fa8355d0_0, 0, 1;
    %delay 101, 0;
    %pushi/vec4 1, 0, 1;
    %store/vec4 v0x7fb5fa835730_0, 0, 1;
    %delay 50, 0;
    %pushi/vec4 0, 0, 1;
    %store/vec4 v0x7fb5fa8355d0_0, 0, 1;
    %delay 1000000, 0;
    %vpi_call 2 49 "$dumpflush" {0 0 0};
    %delay 50, 0;
    %vpi_call 2 50 "$finish" {0 0 0};
    %end;
    .thread T_13;
# The file index is used to find the file name in the following table.
:file_names 5;
    "N/A";
    "<interactive>";
    "sequencer_new_test.v";
    "SEQUENCER_new.v";
    "wbuf_send.v";
