#! /usr/local/Cellar/icarus-verilog/10.3/bin/vvp
:ivl_version "10.3 (stable)" "(v10_3)";
:ivl_delay_selection "TYPICAL";
:vpi_time_precision - 10;
:vpi_module "system";
:vpi_module "vhdl_sys";
:vpi_module "v2005_math";
:vpi_module "va_math";
S_0x7ff024514730 .scope module, "sequencer_test" "sequencer_test" 2 3;
 .timescale -10 -10;
P_0x7ff024513a50 .param/l "STEP" 0 2 5, +C4<00000000000000000000000000110010>;
v0x7ff0245172a0_0 .net "a", 15 0, L_0x7ff024529200;  1 drivers
L_0x7ff025863050 .functor BUFT 1, C4<0>, C4<0>, C4<0>, C4<0>;
v0x7ff024517370_0 .net "ceb", 0 0, L_0x7ff025863050;  1 drivers
v0x7ff024528d90_0 .var "clk", 0 0;
v0x7ff024528e60 .array "memory", 100 0, 255 0;
v0x7ff024528ef0_0 .var "purge", 0 0;
v0x7ff024528fc0_0 .var "q", 255 0;
v0x7ff024529050_0 .var "rstn", 0 0;
E_0x7ff024505490 .event posedge, v0x7ff0245152c0_0;
S_0x7ff024513f50 .scope module, "SEQUENCER_0" "SEQUENCER" 2 25, 3 3 0, S_0x7ff024514730;
 .timescale -10 -10;
    .port_info 0 /INPUT 1 "CLK"
    .port_info 1 /INPUT 1 "RSTL"
    .port_info 2 /INPUT 1 "PURGE"
    .port_info 3 /INPUT 1 "MBUSYW"
    .port_info 4 /INPUT 1 "MBUSYXI"
    .port_info 5 /INPUT 1 "MBUSYXO"
    .port_info 6 /INPUT 256 "QI"
    .port_info 7 /OUTPUT 16 "RADDRI"
    .port_info 8 /OUTPUT 1 "RCEBI"
    .port_info 9 /OUTPUT 16 "RADDRX"
    .port_info 10 /OUTPUT 16 "RADDRW"
    .port_info 11 /OUTPUT 16 "WADDRX"
    .port_info 12 /OUTPUT 1 "BANKX"
    .port_info 13 /OUTPUT 1 "BANKW"
    .port_info 14 /OUTPUT 1 "RCEBW"
    .port_info 15 /OUTPUT 1 "RCEBX"
    .port_info 16 /OUTPUT 1 "WCEBX"
    .port_info 17 /OUTPUT 1 "REQW"
    .port_info 18 /OUTPUT 1 "WBUF_PURGE"
    .port_info 19 /OUTPUT 1 "WBUF_EN"
    .port_info 20 /OUTPUT 6 "WBUF_EN_CTRL"
    .port_info 21 /OUTPUT 1 "WBUF_ALL_EN"
    .port_info 22 /OUTPUT 1 "WBUF_SWITCH"
    .port_info 23 /OUTPUT 1 "FC_WEIGHT_EN"
    .port_info 24 /OUTPUT 1 "NL_EN"
    .port_info 25 /OUTPUT 1 "SHIFT_MODE"
    .port_info 26 /OUTPUT 2 "NL_SEL"
    .port_info 27 /OUTPUT 1 "MAC_EN"
    .port_info 28 /OUTPUT 1 "RESULT_REQ"
    .port_info 29 /OUTPUT 4 "OLSB"
    .port_info 30 /OUTPUT 1 "RESULT_PURGE"
    .port_info 31 /OUTPUT 1 "OUTPUT_EN"
    .port_info 32 /OUTPUT 6 "OUTPUT_EN_CTRL"
    .port_info 33 /OUTPUT 1 "I_COMPARE_EN"
    .port_info 34 /OUTPUT 1 "I_COMPARE_MODE"
    .port_info 35 /OUTPUT 1 "I_COMPARE_SWITCH"
    .port_info 36 /OUTPUT 1 "O_COMPARE_EN"
    .port_info 37 /OUTPUT 1 "O_COMPARE_MODE"
    .port_info 38 /OUTPUT 1 "O_COMPARE_SWITCH"
    .port_info 39 /OUTPUT 1 "CAL_MODE"
    .port_info 40 /OUTPUT 1 "CONV_FC_MODE"
    .port_info 41 /OUTPUT 1 "FEEDBACK_MODE"
    .port_info 42 /OUTPUT 1 "CONF_EN"
    .port_info 43 /OUTPUT 1 "I_COMPARE_REGEN"
    .port_info 44 /OUTPUT 2 "NL_LOOP_SEL"
    .port_info 45 /OUTPUT 1 "SEQ_LOAD_I"
    .port_info 46 /OUTPUT 1 "SEQ_FIN"
    .port_info 47 /OUTPUT 1 "SEQ_STARTW"
    .port_info 48 /OUTPUT 1 "SEQ_STARTX"
    .port_info 49 /OUTPUT 1 "SEQ_STARTX_OUT"
    .port_info 50 /OUTPUT 1 "RCEBX0"
L_0x7ff0245295c0 .functor BUFZ 1, L_0x7ff024529fb0, C4<0>, C4<0>, C4<0>;
L_0x7ff024529740 .functor BUFZ 16, v0x7ff024528770_0, C4<0000000000000000>, C4<0000000000000000>, C4<0000000000000000>;
o0x7ff025832638 .functor BUFZ 1, C4<z>; HiZ drive
v0x7ff024525f10_0 .net "BANKW", 0 0, o0x7ff025832638;  0 drivers
o0x7ff025832668 .functor BUFZ 1, C4<z>; HiZ drive
v0x7ff024525fa0_0 .net "BANKX", 0 0, o0x7ff025832668;  0 drivers
o0x7ff025832698 .functor BUFZ 1, C4<z>; HiZ drive
v0x7ff024526030_0 .net "CAL_MODE", 0 0, o0x7ff025832698;  0 drivers
v0x7ff0245260c0_0 .net "CLK", 0 0, v0x7ff024528d90_0;  1 drivers
o0x7ff0258326c8 .functor BUFZ 1, C4<z>; HiZ drive
v0x7ff024526150_0 .net "CONF_EN", 0 0, o0x7ff0258326c8;  0 drivers
o0x7ff0258326f8 .functor BUFZ 1, C4<z>; HiZ drive
v0x7ff0245261e0_0 .net "CONV_FC_MODE", 0 0, o0x7ff0258326f8;  0 drivers
o0x7ff025832728 .functor BUFZ 1, C4<z>; HiZ drive
v0x7ff024526270_0 .net "FC_WEIGHT_EN", 0 0, o0x7ff025832728;  0 drivers
o0x7ff025832758 .functor BUFZ 1, C4<z>; HiZ drive
v0x7ff024526300_0 .net "FEEDBACK_MODE", 0 0, o0x7ff025832758;  0 drivers
o0x7ff025832788 .functor BUFZ 1, C4<z>; HiZ drive
v0x7ff0245263a0_0 .net "I_COMPARE_EN", 0 0, o0x7ff025832788;  0 drivers
o0x7ff0258327b8 .functor BUFZ 1, C4<z>; HiZ drive
v0x7ff0245264b0_0 .net "I_COMPARE_MODE", 0 0, o0x7ff0258327b8;  0 drivers
o0x7ff0258327e8 .functor BUFZ 1, C4<z>; HiZ drive
v0x7ff024526540_0 .net "I_COMPARE_REGEN", 0 0, o0x7ff0258327e8;  0 drivers
o0x7ff025832818 .functor BUFZ 1, C4<z>; HiZ drive
v0x7ff0245265e0_0 .net "I_COMPARE_SWITCH", 0 0, o0x7ff025832818;  0 drivers
o0x7ff025832848 .functor BUFZ 1, C4<z>; HiZ drive
v0x7ff024526680_0 .net "MAC_EN", 0 0, o0x7ff025832848;  0 drivers
o0x7ff025832878 .functor BUFZ 1, C4<z>; HiZ drive
v0x7ff024526720_0 .net "MBUSYW", 0 0, o0x7ff025832878;  0 drivers
o0x7ff0258328a8 .functor BUFZ 1, C4<z>; HiZ drive
v0x7ff0245267c0_0 .net "MBUSYXI", 0 0, o0x7ff0258328a8;  0 drivers
o0x7ff0258328d8 .functor BUFZ 1, C4<z>; HiZ drive
v0x7ff024526860_0 .net "MBUSYXO", 0 0, o0x7ff0258328d8;  0 drivers
o0x7ff025832908 .functor BUFZ 1, C4<z>; HiZ drive
v0x7ff024526900_0 .net "NL_EN", 0 0, o0x7ff025832908;  0 drivers
o0x7ff025832938 .functor BUFZ 2, C4<zz>; HiZ drive
v0x7ff024526a90_0 .net "NL_LOOP_SEL", 1 0, o0x7ff025832938;  0 drivers
o0x7ff025832968 .functor BUFZ 2, C4<zz>; HiZ drive
v0x7ff024526b20_0 .net "NL_SEL", 1 0, o0x7ff025832968;  0 drivers
o0x7ff025832998 .functor BUFZ 4, C4<zzzz>; HiZ drive
v0x7ff024526bc0_0 .net "OLSB", 3 0, o0x7ff025832998;  0 drivers
o0x7ff0258329c8 .functor BUFZ 1, C4<z>; HiZ drive
v0x7ff024526c70_0 .net "OUTPUT_EN", 0 0, o0x7ff0258329c8;  0 drivers
o0x7ff0258329f8 .functor BUFZ 6, C4<zzzzzz>; HiZ drive
v0x7ff024526d10_0 .net "OUTPUT_EN_CTRL", 5 0, o0x7ff0258329f8;  0 drivers
o0x7ff025832a28 .functor BUFZ 1, C4<z>; HiZ drive
v0x7ff024526dc0_0 .net "O_COMPARE_EN", 0 0, o0x7ff025832a28;  0 drivers
o0x7ff025832a58 .functor BUFZ 1, C4<z>; HiZ drive
v0x7ff024526e60_0 .net "O_COMPARE_MODE", 0 0, o0x7ff025832a58;  0 drivers
o0x7ff025832a88 .functor BUFZ 1, C4<z>; HiZ drive
v0x7ff024526f00_0 .net "O_COMPARE_SWITCH", 0 0, o0x7ff025832a88;  0 drivers
v0x7ff024526fa0_0 .net "PURGE", 0 0, v0x7ff024528ef0_0;  1 drivers
v0x7ff024527040_0 .net "QI", 255 0, v0x7ff024528fc0_0;  1 drivers
v0x7ff0245270f0_0 .net "RADDRI", 15 0, L_0x7ff024529200;  alias, 1 drivers
o0x7ff025832b48 .functor BUFZ 16, C4<zzzzzzzzzzzzzzzz>; HiZ drive
v0x7ff0245271a0_0 .net "RADDRW", 15 0, o0x7ff025832b48;  0 drivers
v0x7ff024527250_0 .net "RADDRX", 15 0, L_0x7ff0245297d0;  1 drivers
v0x7ff024527310_0 .net "RCEBI", 0 0, L_0x7ff025863050;  alias, 1 drivers
o0x7ff025832ba8 .functor BUFZ 1, C4<z>; HiZ drive
v0x7ff0245273a0_0 .net "RCEBW", 0 0, o0x7ff025832ba8;  0 drivers
v0x7ff024527430_0 .net "RCEBX", 0 0, L_0x7ff02452a0c0;  1 drivers
o0x7ff025832bd8 .functor BUFZ 1, C4<z>; HiZ drive
v0x7ff024526990_0 .net "RCEBX0", 0 0, o0x7ff025832bd8;  0 drivers
o0x7ff025832c08 .functor BUFZ 1, C4<z>; HiZ drive
v0x7ff0245276c0_0 .net "REQW", 0 0, o0x7ff025832c08;  0 drivers
o0x7ff025832c38 .functor BUFZ 1, C4<z>; HiZ drive
v0x7ff024527750_0 .net "RESULT_PURGE", 0 0, o0x7ff025832c38;  0 drivers
o0x7ff025832c68 .functor BUFZ 1, C4<z>; HiZ drive
v0x7ff0245277e0_0 .net "RESULT_REQ", 0 0, o0x7ff025832c68;  0 drivers
v0x7ff024527870_0 .net "RSTL", 0 0, v0x7ff024529050_0;  1 drivers
o0x7ff025832c98 .functor BUFZ 1, C4<z>; HiZ drive
v0x7ff024527900_0 .net "SEQ_FIN", 0 0, o0x7ff025832c98;  0 drivers
o0x7ff025832cc8 .functor BUFZ 1, C4<z>; HiZ drive
v0x7ff024527990_0 .net "SEQ_LOAD_I", 0 0, o0x7ff025832cc8;  0 drivers
o0x7ff025832cf8 .functor BUFZ 1, C4<z>; HiZ drive
v0x7ff024527a20_0 .net "SEQ_STARTW", 0 0, o0x7ff025832cf8;  0 drivers
o0x7ff025832d28 .functor BUFZ 1, C4<z>; HiZ drive
v0x7ff024527ab0_0 .net "SEQ_STARTX", 0 0, o0x7ff025832d28;  0 drivers
o0x7ff025832d58 .functor BUFZ 1, C4<z>; HiZ drive
v0x7ff024527b40_0 .net "SEQ_STARTX_OUT", 0 0, o0x7ff025832d58;  0 drivers
o0x7ff025832d88 .functor BUFZ 1, C4<z>; HiZ drive
v0x7ff024527bd0_0 .net "SHIFT_MODE", 0 0, o0x7ff025832d88;  0 drivers
o0x7ff025832db8 .functor BUFZ 16, C4<zzzzzzzzzzzzzzzz>; HiZ drive
v0x7ff024527c60_0 .net "WADDRX", 15 0, o0x7ff025832db8;  0 drivers
o0x7ff025832de8 .functor BUFZ 1, C4<z>; HiZ drive
v0x7ff024527cf0_0 .net "WBUF_ALL_EN", 0 0, o0x7ff025832de8;  0 drivers
v0x7ff024527d90_0 .net "WBUF_EN", 0 0, L_0x7ff02452a1e0;  1 drivers
v0x7ff024527e40_0 .net "WBUF_EN_CTRL", 5 0, L_0x7ff024529880;  1 drivers
o0x7ff025832e18 .functor BUFZ 1, C4<z>; HiZ drive
v0x7ff024527ef0_0 .net "WBUF_PURGE", 0 0, o0x7ff025832e18;  0 drivers
o0x7ff025832e48 .functor BUFZ 1, C4<z>; HiZ drive
v0x7ff024527f80_0 .net "WBUF_SWITCH", 0 0, o0x7ff025832e48;  0 drivers
o0x7ff025832e78 .functor BUFZ 1, C4<z>; HiZ drive
v0x7ff024528020_0 .net "WCEBX", 0 0, o0x7ff025832e78;  0 drivers
v0x7ff0245280c0_0 .net *"_s1", 14 0, L_0x7ff024529120;  1 drivers
L_0x7ff025863098 .functor BUFT 1, C4<00000000>, C4<0>, C4<0>, C4<0>;
v0x7ff024528170_0 .net *"_s13", 7 0, L_0x7ff025863098;  1 drivers
L_0x7ff025863008 .functor BUFT 1, C4<0>, C4<0>, C4<0>, C4<0>;
v0x7ff024528220_0 .net/2u *"_s2", 0 0, L_0x7ff025863008;  1 drivers
v0x7ff0245282d0_0 .net *"_s9", 7 0, L_0x7ff0245293c0;  1 drivers
v0x7ff024528380_0 .net "counter_en", 15 0, L_0x7ff0245294a0;  1 drivers
v0x7ff024528430_0 .net "module_busy", 0 0, L_0x7ff0245295c0;  1 drivers
v0x7ff0245284d0_0 .net "module_en", 0 0, L_0x7ff024529670;  1 drivers
v0x7ff024528570_0 .var "pc", 15 0;
v0x7ff024528620_0 .var "pc_adjust", 0 0;
v0x7ff0245286c0_0 .net "raddrx", 15 0, L_0x7ff024529740;  1 drivers
v0x7ff024528770_0 .var "reg_raddrx", 15 0;
v0x7ff024528820_0 .net "wbuf_busy", 0 0, L_0x7ff024529fb0;  1 drivers
L_0x7ff024529120 .part v0x7ff024528570_0, 0, 15;
L_0x7ff024529200 .concat [ 1 15 0 0], L_0x7ff025863008, L_0x7ff024529120;
L_0x7ff0245293c0 .part v0x7ff024528fc0_0, 1, 8;
L_0x7ff0245294a0 .concat [ 8 8 0 0], L_0x7ff0245293c0, L_0x7ff025863098;
L_0x7ff024529670 .part v0x7ff024528fc0_0, 0, 1;
L_0x7ff02452a2c0 .part v0x7ff024528fc0_0, 0, 1;
L_0x7ff02452a3e0 .part v0x7ff024528fc0_0, 1, 8;
L_0x7ff02452a480 .part v0x7ff024528fc0_0, 9, 6;
S_0x7ff024512d20 .scope module, "wbuf_send_0" "wbuf_send" 3 131, 4 1 0, S_0x7ff024513f50;
 .timescale -10 -10;
    .port_info 0 /INPUT 1 "CLK"
    .port_info 1 /INPUT 1 "RSTL"
    .port_info 2 /INPUT 1 "WBUF_SEND"
    .port_info 3 /INPUT 8 "COUNTER0"
    .port_info 4 /INPUT 6 "WBUF_EN_CTRL_I"
    .port_info 5 /OUTPUT 16 "RADDRX"
    .port_info 6 /OUTPUT 1 "RCEBX"
    .port_info 7 /OUTPUT 1 "WBUF_EN"
    .port_info 8 /OUTPUT 6 "WBUF_EN_CTRL"
    .port_info 9 /OUTPUT 1 "WBUF_BUSY"
L_0x7ff0245297d0 .functor BUFZ 16, v0x7ff024525cc0_0, C4<0000000000000000>, C4<0000000000000000>, C4<0000000000000000>;
L_0x7ff024529880 .functor BUFZ 6, v0x7ff024525d70_0, C4<000000>, C4<000000>, C4<000000>;
L_0x7ff024529ce0 .functor OR 1, L_0x7ff024529b20, L_0x7ff024529c40, C4<0>, C4<0>;
v0x7ff0245152c0_0 .net "CLK", 0 0, v0x7ff024528d90_0;  alias, 1 drivers
v0x7ff024524e20_0 .net "COUNTER0", 7 0, L_0x7ff02452a3e0;  1 drivers
v0x7ff024524ec0_0 .net "RADDRX", 15 0, L_0x7ff0245297d0;  alias, 1 drivers
v0x7ff024524f70_0 .net "RCEBX", 0 0, L_0x7ff02452a0c0;  alias, 1 drivers
v0x7ff024525010_0 .net "RSTL", 0 0, v0x7ff024529050_0;  alias, 1 drivers
v0x7ff0245250f0_0 .net "WBUF_BUSY", 0 0, L_0x7ff024529fb0;  alias, 1 drivers
v0x7ff024525190_0 .net "WBUF_EN", 0 0, L_0x7ff02452a1e0;  alias, 1 drivers
v0x7ff024525230_0 .net "WBUF_EN_CTRL", 5 0, L_0x7ff024529880;  alias, 1 drivers
v0x7ff0245252e0_0 .net "WBUF_EN_CTRL_I", 5 0, L_0x7ff02452a480;  1 drivers
v0x7ff0245253f0_0 .net "WBUF_SEND", 0 0, L_0x7ff02452a2c0;  1 drivers
v0x7ff024525490_0 .net *"_s10", 0 0, L_0x7ff024529b20;  1 drivers
v0x7ff024525530_0 .net *"_s13", 0 0, L_0x7ff024529c40;  1 drivers
v0x7ff0245255d0_0 .net *"_s14", 0 0, L_0x7ff024529ce0;  1 drivers
L_0x7ff025863170 .functor BUFT 1, C4<01>, C4<0>, C4<0>, C4<0>;
v0x7ff024525680_0 .net/2s *"_s16", 1 0, L_0x7ff025863170;  1 drivers
L_0x7ff0258631b8 .functor BUFT 1, C4<00>, C4<0>, C4<0>, C4<0>;
v0x7ff024525730_0 .net/2s *"_s18", 1 0, L_0x7ff0258631b8;  1 drivers
v0x7ff0245257e0_0 .net *"_s20", 1 0, L_0x7ff024529e30;  1 drivers
v0x7ff024525890_0 .net *"_s4", 31 0, L_0x7ff024529930;  1 drivers
L_0x7ff0258630e0 .functor BUFT 1, C4<000000000000000000000000>, C4<0>, C4<0>, C4<0>;
v0x7ff024525a20_0 .net *"_s7", 23 0, L_0x7ff0258630e0;  1 drivers
L_0x7ff025863128 .functor BUFT 1, C4<00000000000000000000000000000001>, C4<0>, C4<0>, C4<0>;
v0x7ff024525ab0_0 .net/2u *"_s8", 31 0, L_0x7ff025863128;  1 drivers
v0x7ff024525b60_0 .var "cnt", 2 0;
v0x7ff024525c10_0 .var "counter0", 7 0;
v0x7ff024525cc0_0 .var "reg_raddrx", 15 0;
v0x7ff024525d70_0 .var "reg_wbufenctrl", 5 0;
E_0x7ff0245140e0/0 .event negedge, v0x7ff024525010_0;
E_0x7ff0245140e0/1 .event posedge, v0x7ff0245152c0_0;
E_0x7ff0245140e0 .event/or E_0x7ff0245140e0/0, E_0x7ff0245140e0/1;
L_0x7ff024529930 .concat [ 8 24 0 0], v0x7ff024525c10_0, L_0x7ff0258630e0;
L_0x7ff024529b20 .cmp/gt 32, L_0x7ff024529930, L_0x7ff025863128;
L_0x7ff024529c40 .reduce/or v0x7ff024525b60_0;
L_0x7ff024529e30 .functor MUXZ 2, L_0x7ff0258631b8, L_0x7ff025863170, L_0x7ff024529ce0, C4<>;
L_0x7ff024529fb0 .part L_0x7ff024529e30, 0, 1;
L_0x7ff02452a0c0 .reduce/nor v0x7ff024525c10_0;
L_0x7ff02452a1e0 .reduce/or v0x7ff024525c10_0;
    .scope S_0x7ff024512d20;
T_0 ;
    %wait E_0x7ff0245140e0;
    %load/vec4 v0x7ff024525010_0;
    %nor/r;
    %flag_set/vec4 8;
    %jmp/0xz  T_0.0, 8;
    %pushi/vec4 0, 0, 8;
    %assign/vec4 v0x7ff024525c10_0, 0;
    %jmp T_0.1;
T_0.0 ;
    %load/vec4 v0x7ff0245253f0_0;
    %load/vec4 v0x7ff0245250f0_0;
    %nor/r;
    %and;
    %flag_set/vec4 8;
    %jmp/0xz  T_0.2, 8;
    %load/vec4 v0x7ff024524e20_0;
    %assign/vec4 v0x7ff024525c10_0, 0;
    %jmp T_0.3;
T_0.2 ;
    %load/vec4 v0x7ff024525c10_0;
    %or/r;
    %load/vec4 v0x7ff024525b60_0;
    %pushi/vec4 0, 0, 3;
    %cmp/e;
    %flag_get/vec4 4;
    %and;
    %flag_set/vec4 8;
    %jmp/0xz  T_0.4, 8;
    %load/vec4 v0x7ff024525c10_0;
    %subi 1, 0, 8;
    %assign/vec4 v0x7ff024525c10_0, 0;
    %jmp T_0.5;
T_0.4 ;
    %load/vec4 v0x7ff024525c10_0;
    %assign/vec4 v0x7ff024525c10_0, 0;
T_0.5 ;
T_0.3 ;
T_0.1 ;
    %jmp T_0;
    .thread T_0;
    .scope S_0x7ff024512d20;
T_1 ;
    %wait E_0x7ff0245140e0;
    %load/vec4 v0x7ff024525010_0;
    %nor/r;
    %flag_set/vec4 8;
    %jmp/0xz  T_1.0, 8;
    %pushi/vec4 0, 0, 3;
    %assign/vec4 v0x7ff024525b60_0, 0;
    %jmp T_1.1;
T_1.0 ;
    %load/vec4 v0x7ff0245253f0_0;
    %load/vec4 v0x7ff0245250f0_0;
    %nor/r;
    %and;
    %flag_set/vec4 8;
    %jmp/0xz  T_1.2, 8;
    %pushi/vec4 4, 0, 3;
    %assign/vec4 v0x7ff024525b60_0, 0;
    %jmp T_1.3;
T_1.2 ;
    %load/vec4 v0x7ff0245250f0_0;
    %load/vec4 v0x7ff024525b60_0;
    %nor/r;
    %and;
    %flag_set/vec4 8;
    %jmp/0xz  T_1.4, 8;
    %pushi/vec4 3, 0, 3;
    %assign/vec4 v0x7ff024525b60_0, 0;
    %jmp T_1.5;
T_1.4 ;
    %load/vec4 v0x7ff0245250f0_0;
    %flag_set/vec4 8;
    %jmp/0xz  T_1.6, 8;
    %load/vec4 v0x7ff024525b60_0;
    %subi 1, 0, 3;
    %assign/vec4 v0x7ff024525b60_0, 0;
    %jmp T_1.7;
T_1.6 ;
    %pushi/vec4 0, 0, 3;
    %assign/vec4 v0x7ff024525b60_0, 0;
T_1.7 ;
T_1.5 ;
T_1.3 ;
T_1.1 ;
    %jmp T_1;
    .thread T_1;
    .scope S_0x7ff024512d20;
T_2 ;
    %wait E_0x7ff0245140e0;
    %load/vec4 v0x7ff024525010_0;
    %nor/r;
    %flag_set/vec4 8;
    %jmp/0xz  T_2.0, 8;
    %pushi/vec4 0, 0, 16;
    %assign/vec4 v0x7ff024525cc0_0, 0;
    %jmp T_2.1;
T_2.0 ;
    %load/vec4 v0x7ff0245250f0_0;
    %flag_set/vec4 8;
    %jmp/0xz  T_2.2, 8;
    %load/vec4 v0x7ff024525cc0_0;
    %addi 1, 0, 16;
    %assign/vec4 v0x7ff024525cc0_0, 0;
    %jmp T_2.3;
T_2.2 ;
    %load/vec4 v0x7ff024525cc0_0;
    %assign/vec4 v0x7ff024525cc0_0, 0;
T_2.3 ;
T_2.1 ;
    %jmp T_2;
    .thread T_2;
    .scope S_0x7ff024512d20;
T_3 ;
    %wait E_0x7ff0245140e0;
    %load/vec4 v0x7ff024525010_0;
    %nor/r;
    %flag_set/vec4 8;
    %jmp/0xz  T_3.0, 8;
    %pushi/vec4 0, 0, 6;
    %assign/vec4 v0x7ff024525d70_0, 0;
    %jmp T_3.1;
T_3.0 ;
    %load/vec4 v0x7ff0245253f0_0;
    %load/vec4 v0x7ff0245250f0_0;
    %nor/r;
    %and;
    %flag_set/vec4 8;
    %jmp/0xz  T_3.2, 8;
    %load/vec4 v0x7ff0245252e0_0;
    %assign/vec4 v0x7ff024525d70_0, 0;
    %jmp T_3.3;
T_3.2 ;
    %load/vec4 v0x7ff0245250f0_0;
    %load/vec4 v0x7ff024525b60_0;
    %nor/r;
    %and;
    %flag_set/vec4 8;
    %jmp/0xz  T_3.4, 8;
    %load/vec4 v0x7ff024525d70_0;
    %addi 1, 0, 6;
    %assign/vec4 v0x7ff024525d70_0, 0;
    %jmp T_3.5;
T_3.4 ;
    %load/vec4 v0x7ff024525d70_0;
    %assign/vec4 v0x7ff024525d70_0, 0;
T_3.5 ;
T_3.3 ;
T_3.1 ;
    %jmp T_3;
    .thread T_3;
    .scope S_0x7ff024513f50;
T_4 ;
    %wait E_0x7ff0245140e0;
    %load/vec4 v0x7ff024527870_0;
    %nor/r;
    %flag_set/vec4 8;
    %jmp/0xz  T_4.0, 8;
    %pushi/vec4 0, 0, 16;
    %assign/vec4 v0x7ff024528570_0, 0;
    %jmp T_4.1;
T_4.0 ;
    %load/vec4 v0x7ff024526fa0_0;
    %flag_set/vec4 8;
    %jmp/0xz  T_4.2, 8;
    %pushi/vec4 0, 0, 16;
    %assign/vec4 v0x7ff024528570_0, 0;
    %jmp T_4.3;
T_4.2 ;
    %load/vec4 v0x7ff024528430_0;
    %flag_set/vec4 8;
    %jmp/0xz  T_4.4, 8;
    %load/vec4 v0x7ff024528570_0;
    %assign/vec4 v0x7ff024528570_0, 0;
    %jmp T_4.5;
T_4.4 ;
    %load/vec4 v0x7ff024528620_0;
    %nor/r;
    %load/vec4 v0x7ff0245284d0_0;
    %and;
    %flag_set/vec4 8;
    %jmp/0xz  T_4.6, 8;
    %load/vec4 v0x7ff024528570_0;
    %assign/vec4 v0x7ff024528570_0, 0;
    %jmp T_4.7;
T_4.6 ;
    %load/vec4 v0x7ff024528570_0;
    %addi 1, 0, 16;
    %assign/vec4 v0x7ff024528570_0, 0;
T_4.7 ;
T_4.5 ;
T_4.3 ;
T_4.1 ;
    %jmp T_4;
    .thread T_4;
    .scope S_0x7ff024513f50;
T_5 ;
    %wait E_0x7ff0245140e0;
    %load/vec4 v0x7ff024527870_0;
    %nor/r;
    %flag_set/vec4 8;
    %jmp/0xz  T_5.0, 8;
    %pushi/vec4 0, 0, 1;
    %assign/vec4 v0x7ff024528620_0, 0;
    %jmp T_5.1;
T_5.0 ;
    %load/vec4 v0x7ff024526fa0_0;
    %flag_set/vec4 8;
    %jmp/0xz  T_5.2, 8;
    %pushi/vec4 0, 0, 1;
    %assign/vec4 v0x7ff024528620_0, 0;
    %jmp T_5.3;
T_5.2 ;
    %load/vec4 v0x7ff024528430_0;
    %assign/vec4 v0x7ff024528620_0, 0;
T_5.3 ;
T_5.1 ;
    %jmp T_5;
    .thread T_5;
    .scope S_0x7ff024513f50;
T_6 ;
    %wait E_0x7ff0245140e0;
    %load/vec4 v0x7ff024527870_0;
    %nor/r;
    %flag_set/vec4 8;
    %jmp/0xz  T_6.0, 8;
    %pushi/vec4 0, 0, 16;
    %assign/vec4 v0x7ff024528770_0, 0;
    %jmp T_6.1;
T_6.0 ;
    %load/vec4 v0x7ff024526fa0_0;
    %flag_set/vec4 8;
    %jmp/0xz  T_6.2, 8;
    %pushi/vec4 0, 0, 16;
    %assign/vec4 v0x7ff024528770_0, 0;
    %jmp T_6.3;
T_6.2 ;
    %load/vec4 v0x7ff024527040_0;
    %parti/s 1, 15, 5;
    %dup/vec4;
    %pushi/vec4 0, 0, 1;
    %cmp/u;
    %jmp/1 T_6.4, 6;
    %dup/vec4;
    %pushi/vec4 1, 0, 1;
    %cmp/u;
    %jmp/1 T_6.5, 6;
    %jmp T_6.6;
T_6.4 ;
    %load/vec4 v0x7ff024527040_0;
    %parti/s 1, 31, 6;
    %dup/vec4;
    %pushi/vec4 0, 0, 1;
    %cmp/u;
    %jmp/1 T_6.7, 6;
    %dup/vec4;
    %pushi/vec4 1, 0, 1;
    %cmp/u;
    %jmp/1 T_6.8, 6;
    %jmp T_6.9;
T_6.7 ;
    %load/vec4 v0x7ff024528770_0;
    %load/vec4 v0x7ff024527040_0;
    %parti/s 15, 16, 6;
    %pad/u 16;
    %add;
    %assign/vec4 v0x7ff024528770_0, 0;
    %jmp T_6.9;
T_6.8 ;
    %load/vec4 v0x7ff024528770_0;
    %load/vec4 v0x7ff024527040_0;
    %parti/s 15, 16, 6;
    %pad/u 16;
    %sub;
    %assign/vec4 v0x7ff024528770_0, 0;
    %jmp T_6.9;
T_6.9 ;
    %pop/vec4 1;
    %jmp T_6.6;
T_6.5 ;
    %load/vec4 v0x7ff024527040_0;
    %parti/s 16, 16, 6;
    %assign/vec4 v0x7ff024528770_0, 0;
    %jmp T_6.6;
T_6.6 ;
    %pop/vec4 1;
T_6.3 ;
T_6.1 ;
    %jmp T_6;
    .thread T_6;
    .scope S_0x7ff024514730;
T_7 ;
    %pushi/vec4 1, 0, 1;
    %store/vec4 v0x7ff024528d90_0, 0, 1;
    %delay 25, 0;
    %pushi/vec4 0, 0, 1;
    %store/vec4 v0x7ff024528d90_0, 0, 1;
    %delay 25, 0;
    %jmp T_7;
    .thread T_7;
    .scope S_0x7ff024514730;
T_8 ;
    %wait E_0x7ff024505490;
    %load/vec4 v0x7ff024517370_0;
    %nor/r;
    %flag_set/vec4 8;
    %jmp/0xz  T_8.0, 8;
    %pushi/vec4 0, 0, 2;
    %load/vec4 v0x7ff0245172a0_0;
    %parti/s 14, 1, 2;
    %concat/vec4; draw_concat_vec4
    %ix/vec4 4;
    %load/vec4a v0x7ff024528e60, 4;
    %assign/vec4 v0x7ff024528fc0_0, 0;
    %jmp T_8.1;
T_8.0 ;
    %pushi/vec4 0, 0, 256;
    %assign/vec4 v0x7ff024528fc0_0, 0;
T_8.1 ;
    %jmp T_8;
    .thread T_8;
    .scope S_0x7ff024514730;
T_9 ;
    %vpi_call 2 35 "$dumpfile", "sequencer_new_test.vcd" {0 0 0};
    %vpi_call 2 36 "$dumpvars", 32'sb00000000000000000000000000000000, S_0x7ff024513f50 {0 0 0};
    %vpi_call 2 37 "$readmemb", "memfile.dat", v0x7ff024528e60 {0 0 0};
    %pushi/vec4 0, 0, 1;
    %store/vec4 v0x7ff024529050_0, 0, 1;
    %pushi/vec4 0, 0, 1;
    %store/vec4 v0x7ff024528ef0_0, 0, 1;
    %delay 101, 0;
    %pushi/vec4 1, 0, 1;
    %store/vec4 v0x7ff024529050_0, 0, 1;
    %delay 50, 0;
    %pushi/vec4 0, 0, 1;
    %store/vec4 v0x7ff024528ef0_0, 0, 1;
    %delay 1000000, 0;
    %vpi_call 2 49 "$dumpflush" {0 0 0};
    %delay 50, 0;
    %vpi_call 2 50 "$finish" {0 0 0};
    %end;
    .thread T_9;
# The file index is used to find the file name in the following table.
:file_names 5;
    "N/A";
    "<interactive>";
    "sequencer_new_test.v";
    "SEQUENCER_new.v";
    "wbuf_send.v";
