#! /usr/local/Cellar/icarus-verilog/10.3/bin/vvp
:ivl_version "10.3 (stable)" "(v10_3)";
:ivl_delay_selection "TYPICAL";
:vpi_time_precision + 0;
:vpi_module "system";
:vpi_module "vhdl_sys";
:vpi_module "v2005_math";
:vpi_module "va_math";
S_0x7ff8ead1a120 .scope module, "IP2_TEST" "IP2_TEST" 2 1;
 .timescale 0 0;
P_0x7ff8ead0bd70 .param/l "STEP" 0 2 3, +C4<00000000000000000000000000001010>;
v0x7ff8ead193f0_0 .var "BANKI", 0 0;
v0x7ff8ead36fb0_0 .var "CLK", 0 0;
v0x7ff8ead37040_0 .var "DI", 255 0;
o0x7ff8eae352a8 .functor BUFZ 1, C4<z>; HiZ drive
v0x7ff8ead370d0_0 .net "PURGE", 0 0, o0x7ff8eae352a8;  0 drivers
v0x7ff8ead37160_0 .var "RSTL", 0 0;
v0x7ff8ead37230_0 .var "WADDRI", 13 0;
v0x7ff8ead37300_0 .var "WCEBI", 0 0;
S_0x7ff8ead1ac30 .scope module, "ip2_0" "IP2" 2 15, 3 1 0, S_0x7ff8ead1a120;
 .timescale 0 0;
    .port_info 0 /INPUT 1 "CLK"
    .port_info 1 /INPUT 1 "RSTL"
    .port_info 2 /INPUT 1 "PURGE"
    .port_info 3 /INPUT 14 "WADDRI"
    .port_info 4 /INPUT 1 "BANKI"
    .port_info 5 /INPUT 1 "WCEBI"
    .port_info 6 /INPUT 256 "DI"
    .port_info 7 /OUTPUT 16 "RADDRX"
    .port_info 8 /OUTPUT 16 "RADDRW"
    .port_info 9 /OUTPUT 16 "WADDRX"
    .port_info 10 /OUTPUT 1 "BANKX"
    .port_info 11 /OUTPUT 1 "BANKW"
    .port_info 12 /OUTPUT 1 "RCEBW"
    .port_info 13 /OUTPUT 1 "RCEBX"
    .port_info 14 /OUTPUT 1 "WCEBX"
    .port_info 15 /OUTPUT 1 "REQW"
    .port_info 16 /OUTPUT 1 "WBUF_PURGE"
    .port_info 17 /OUTPUT 1 "WBUF_EN"
    .port_info 18 /OUTPUT 6 "WBUF_EN_CTRL"
    .port_info 19 /OUTPUT 1 "WBUF_ALL_EN"
    .port_info 20 /OUTPUT 1 "WBUF_SWITCH"
    .port_info 21 /OUTPUT 1 "FC_WEIGHT_EN"
    .port_info 22 /OUTPUT 1 "NL_EN"
    .port_info 23 /OUTPUT 1 "SHIFT_MODE"
    .port_info 24 /OUTPUT 2 "NL_SEL"
    .port_info 25 /OUTPUT 1 "MAC_EN"
    .port_info 26 /OUTPUT 1 "RESULT_REQ"
    .port_info 27 /OUTPUT 4 "OLSB"
    .port_info 28 /OUTPUT 1 "RESULT_PURGE"
    .port_info 29 /OUTPUT 1 "OUTPUT_EN"
    .port_info 30 /OUTPUT 6 "OUTPUT_EN_CTRL"
    .port_info 31 /OUTPUT 1 "I_COMPARE_EN"
    .port_info 32 /OUTPUT 1 "I_COMPARE_MODE"
    .port_info 33 /OUTPUT 1 "I_COMPARE_SWITCH"
    .port_info 34 /OUTPUT 1 "O_COMPARE_EN"
    .port_info 35 /OUTPUT 1 "O_COMPARE_MODE"
    .port_info 36 /OUTPUT 1 "O_COMPARE_SWITCH"
    .port_info 37 /OUTPUT 1 "CAL_MODE"
    .port_info 38 /OUTPUT 1 "CONV_FC_MODE"
    .port_info 39 /OUTPUT 1 "FEEDBACK_MODE"
    .port_info 40 /OUTPUT 1 "CONF_EN"
    .port_info 41 /OUTPUT 1 "I_COMPARE_REGEN"
    .port_info 42 /OUTPUT 1 "RCEBX0"
v0x7ff8ead31770_0 .net "BANKI", 0 0, v0x7ff8ead193f0_0;  1 drivers
v0x7ff8ead31830_0 .net "BANKW", 0 0, L_0x7ff8ead37dd0;  1 drivers
v0x7ff8ead34d20_0 .net "BANKX", 0 0, L_0x7ff8ead379a0;  1 drivers
v0x7ff8ead34dd0_0 .net "CAL_MODE", 0 0, L_0x7ff8ead392d0;  1 drivers
v0x7ff8ead34e80_0 .net "CLK", 0 0, v0x7ff8ead36fb0_0;  1 drivers
v0x7ff8ead34f50_0 .net "CONF_EN", 0 0, L_0x7ff8ead391f0;  1 drivers
v0x7ff8ead34fe0_0 .net "CONV_FC_MODE", 0 0, L_0x7ff8ead39040;  1 drivers
v0x7ff8ead35090_0 .net "DI", 255 0, v0x7ff8ead37040_0;  1 drivers
v0x7ff8ead35120_0 .net "FC_WEIGHT_EN", 0 0, L_0x7ff8ead38420;  1 drivers
v0x7ff8ead35250_0 .net "FEEDBACK_MODE", 0 0, L_0x7ff8ead394e0;  1 drivers
v0x7ff8ead352e0_0 .net "I_COMPARE_EN", 0 0, L_0x7ff8ead38bb0;  1 drivers
v0x7ff8ead35370_0 .net "I_COMPARE_MODE", 0 0, L_0x7ff8ead38e40;  1 drivers
v0x7ff8ead35420_0 .net "I_COMPARE_REGEN", 0 0, L_0x7ff8ead396c0;  1 drivers
v0x7ff8ead354d0_0 .net "I_COMPARE_SWITCH", 0 0, L_0x7ff8ead38fa0;  1 drivers
v0x7ff8ead35560_0 .net "MAC_EN", 0 0, L_0x7ff8ead38760;  1 drivers
v0x7ff8ead35610_0 .net "NL_EN", 0 0, L_0x7ff8ead384c0;  1 drivers
v0x7ff8ead356c0_0 .net "NL_SEL", 1 0, L_0x7ff8ead38680;  1 drivers
v0x7ff8ead35870_0 .net "OLSB", 3 0, L_0x7ff8ead38160;  1 drivers
v0x7ff8ead35900_0 .net "OUTPUT_EN", 0 0, L_0x7ff8ead38cf0;  1 drivers
v0x7ff8ead35990_0 .net "OUTPUT_EN_CTRL", 5 0, L_0x7ff8ead37810;  1 drivers
v0x7ff8ead35a20_0 .net "O_COMPARE_EN", 0 0, L_0x7ff8ead38d90;  1 drivers
v0x7ff8ead35ab0_0 .net "O_COMPARE_MODE", 0 0, L_0x7ff8ead39110;  1 drivers
v0x7ff8ead35b60_0 .net "O_COMPARE_SWITCH", 0 0, L_0x7ff8ead38ee0;  1 drivers
v0x7ff8ead35c10_0 .net "PURGE", 0 0, o0x7ff8eae352a8;  alias, 0 drivers
v0x7ff8ead35ca0_0 .net "QI", 255 0, L_0x7ff8ead3b590;  1 drivers
v0x7ff8ead35d70_0 .net "RADDRI", 13 0, L_0x7ff8ead37470;  1 drivers
v0x7ff8ead35e40_0 .net "RADDRW", 15 0, L_0x7ff8ead376b0;  1 drivers
v0x7ff8ead35ed0_0 .net "RADDRX", 15 0, L_0x7ff8ead37550;  1 drivers
L_0x7ff8eae63008 .functor BUFT 1, C4<0>, C4<0>, C4<0>, C4<0>;
v0x7ff8ead35f60_0 .net "RCEBI", 0 0, L_0x7ff8eae63008;  1 drivers
v0x7ff8ead36030_0 .net "RCEBW", 0 0, L_0x7ff8ead37eb0;  1 drivers
v0x7ff8ead360c0_0 .net "RCEBX", 0 0, L_0x7ff8ead37ba0;  1 drivers
v0x7ff8ead36170_0 .net "RCEBX0", 0 0, L_0x7ff8ead39930;  1 drivers
v0x7ff8ead36220_0 .net "REQW", 0 0, L_0x7ff8ead37f90;  1 drivers
v0x7ff8ead35770_0 .net "RESULT_PURGE", 0 0, L_0x7ff8ead38c50;  1 drivers
v0x7ff8ead364b0_0 .net "RESULT_REQ", 0 0, L_0x7ff8ead388d0;  1 drivers
v0x7ff8ead36540_0 .net "RSTL", 0 0, v0x7ff8ead37160_0;  1 drivers
o0x7ff8eae340a8 .functor BUFZ 1, C4<z>; HiZ drive
v0x7ff8ead365d0_0 .net "SEQ_PURGE", 0 0, o0x7ff8eae340a8;  0 drivers
v0x7ff8ead36660_0 .net "SHIFT_MODE", 0 0, L_0x7ff8ead385a0;  1 drivers
v0x7ff8ead36710_0 .net "WADDRI", 13 0, v0x7ff8ead37230_0;  1 drivers
v0x7ff8ead367c0_0 .net "WADDRX", 15 0, L_0x7ff8ead37600;  1 drivers
v0x7ff8ead36870_0 .net "WBUF_ALL_EN", 0 0, L_0x7ff8ead38340;  1 drivers
v0x7ff8ead36920_0 .net "WBUF_EN", 0 0, L_0x7ff8ead38260;  1 drivers
v0x7ff8ead369d0_0 .net "WBUF_EN_CTRL", 5 0, L_0x7ff8ead37760;  1 drivers
v0x7ff8ead36a80_0 .net "WBUF_PURGE", 0 0, L_0x7ff8ead380c0;  1 drivers
v0x7ff8ead36b30_0 .net "WBUF_SWITCH", 0 0, L_0x7ff8ead378f0;  1 drivers
v0x7ff8ead36be0_0 .net "WCEBI", 0 0, v0x7ff8ead37300_0;  1 drivers
v0x7ff8ead36c90_0 .net "WCEBX", 0 0, L_0x7ff8ead37a80;  1 drivers
S_0x7ff8ead189c0 .scope module, "memi_0" "MEMI" 3 97, 4 20 0, S_0x7ff8ead1ac30;
 .timescale 0 0;
    .port_info 0 /INPUT 14 "RA"
    .port_info 1 /INPUT 14 "WA"
    .port_info 2 /INPUT 256 "DW"
    .port_info 3 /INPUT 1 "CLK"
    .port_info 4 /INPUT 1 "RCEB"
    .port_info 5 /INPUT 1 "WCEB"
    .port_info 6 /INPUT 1 "BANK"
    .port_info 7 /OUTPUT 256 "QW"
P_0x7ff8ead0dce0 .param/l "ADRS" 0 4 28, +C4<00000000000000000000000000001110>;
P_0x7ff8ead0dd20 .param/l "BITS" 0 4 29, +C4<00000000000000000000000010000000>;
P_0x7ff8ead0dd60 .param/l "WORDS" 0 4 30, +C4<00000000000000000010000000000000>;
L_0x7ff8ead39f30 .functor OR 1, v0x7ff8ead37300_0, L_0x7ff8ead3b6c0, C4<0>, C4<0>;
L_0x7ff8ead3a100 .functor NOT 1, L_0x7ff8ead3b6c0, C4<0>, C4<0>, C4<0>;
L_0x7ff8ead3a1b0 .functor OR 1, v0x7ff8ead37300_0, L_0x7ff8ead3a100, C4<0>, C4<0>;
L_0x7ff8ead3a3c0 .functor OR 1, v0x7ff8ead37300_0, L_0x7ff8ead3b6c0, C4<0>, C4<0>;
L_0x7ff8ead3a550 .functor NOT 1, L_0x7ff8ead3b6c0, C4<0>, C4<0>, C4<0>;
L_0x7ff8ead3a640 .functor OR 1, v0x7ff8ead37300_0, L_0x7ff8ead3a550, C4<0>, C4<0>;
L_0x7ff8ead39eb0 .functor OR 1, v0x7ff8ead37300_0, L_0x7ff8ead3b6c0, C4<0>, C4<0>;
L_0x7ff8ead3aa90 .functor NOT 1, L_0x7ff8ead3b6c0, C4<0>, C4<0>, C4<0>;
L_0x7ff8ead3ab00 .functor OR 1, v0x7ff8ead37300_0, L_0x7ff8ead3aa90, C4<0>, C4<0>;
L_0x7ff8ead3add0 .functor OR 1, v0x7ff8ead37300_0, L_0x7ff8ead3b6c0, C4<0>, C4<0>;
L_0x7ff8ead3b010 .functor NOT 1, L_0x7ff8ead3b6c0, C4<0>, C4<0>, C4<0>;
L_0x7ff8ead3b180 .functor OR 1, v0x7ff8ead37300_0, L_0x7ff8ead3b010, C4<0>, C4<0>;
v0x7ff8ead2f450_0 .net "BANK", 0 0, v0x7ff8ead193f0_0;  alias, 1 drivers
v0x7ff8ead2f4e0_0 .net "BlockW", 0 0, L_0x7ff8ead3b6c0;  1 drivers
v0x7ff8ead2f570_0 .net "CLK", 0 0, v0x7ff8ead36fb0_0;  alias, 1 drivers
v0x7ff8ead2f680_0 .net "DW", 255 0, v0x7ff8ead37040_0;  alias, 1 drivers
v0x7ff8ead2f790_0 .net "QW", 255 0, L_0x7ff8ead3b590;  alias, 1 drivers
v0x7ff8ead2f820_0 .net "RA", 13 0, L_0x7ff8ead37470;  alias, 1 drivers
v0x7ff8ead2f8b0_0 .net "RCEB", 0 0, L_0x7ff8eae63008;  alias, 1 drivers
v0x7ff8ead2f940_0 .net "WA", 13 0, v0x7ff8ead37230_0;  alias, 1 drivers
v0x7ff8ead2f9d0_0 .net "WCEB", 0 0, v0x7ff8ead37300_0;  alias, 1 drivers
v0x7ff8ead2fae0_0 .net *"_s1", 12 0, L_0x7ff8ead39760;  1 drivers
v0x7ff8ead2fb70_0 .net *"_s12", 0 0, L_0x7ff8ead39f30;  1 drivers
v0x7ff8ead2fc00_0 .net *"_s16", 0 0, L_0x7ff8ead3a100;  1 drivers
v0x7ff8ead2fca0_0 .net *"_s18", 0 0, L_0x7ff8ead3a1b0;  1 drivers
v0x7ff8ead2fd50_0 .net *"_s22", 0 0, L_0x7ff8ead3a3c0;  1 drivers
v0x7ff8ead2fe00_0 .net *"_s26", 0 0, L_0x7ff8ead3a550;  1 drivers
v0x7ff8ead2feb0_0 .net *"_s28", 0 0, L_0x7ff8ead3a640;  1 drivers
v0x7ff8ead2ff60_0 .net *"_s3", 12 0, L_0x7ff8ead39b10;  1 drivers
v0x7ff8ead300f0_0 .net *"_s32", 0 0, L_0x7ff8ead39eb0;  1 drivers
L_0x7ff8eae63050 .functor BUFT 1, C4<1>, C4<0>, C4<0>, C4<0>;
v0x7ff8ead30180_0 .net/2u *"_s34", 0 0, L_0x7ff8eae63050;  1 drivers
v0x7ff8ead30230_0 .net *"_s38", 0 0, L_0x7ff8ead3aa90;  1 drivers
v0x7ff8ead302e0_0 .net *"_s40", 0 0, L_0x7ff8ead3ab00;  1 drivers
L_0x7ff8eae63098 .functor BUFT 1, C4<1>, C4<0>, C4<0>, C4<0>;
v0x7ff8ead30390_0 .net/2u *"_s42", 0 0, L_0x7ff8eae63098;  1 drivers
L_0x7ff8eae630e0 .functor BUFT 1, C4<1>, C4<0>, C4<0>, C4<0>;
v0x7ff8ead30440_0 .net/2u *"_s46", 0 0, L_0x7ff8eae630e0;  1 drivers
v0x7ff8ead304f0_0 .net *"_s48", 0 0, L_0x7ff8ead3add0;  1 drivers
L_0x7ff8eae63128 .functor BUFT 1, C4<1>, C4<0>, C4<0>, C4<0>;
v0x7ff8ead305a0_0 .net/2u *"_s52", 0 0, L_0x7ff8eae63128;  1 drivers
v0x7ff8ead30650_0 .net *"_s54", 0 0, L_0x7ff8ead3b010;  1 drivers
v0x7ff8ead30700_0 .net *"_s56", 0 0, L_0x7ff8ead3b180;  1 drivers
v0x7ff8ead307b0_0 .net *"_s60", 255 0, L_0x7ff8ead3b310;  1 drivers
v0x7ff8ead30860_0 .net *"_s62", 255 0, L_0x7ff8ead3b4b0;  1 drivers
v0x7ff8ead30910_0 .net *"_s7", 12 0, L_0x7ff8ead39c50;  1 drivers
v0x7ff8ead309c0_0 .net *"_s9", 12 0, L_0x7ff8ead39cf0;  1 drivers
v0x7ff8ead30a70_0 .net "adrs0", 12 0, L_0x7ff8ead39bb0;  1 drivers
v0x7ff8ead30b50_0 .net "adrs1", 12 0, L_0x7ff8ead39e10;  1 drivers
v0x7ff8ead2fff0_0 .var "bnk", 0 0;
v0x7ff8ead30de0_0 .net "ce00b", 0 0, L_0x7ff8ead39fa0;  1 drivers
v0x7ff8ead30e70_0 .net "ce01b", 0 0, L_0x7ff8ead3a2a0;  1 drivers
v0x7ff8ead30f00_0 .net "ce10b", 0 0, L_0x7ff8ead3a430;  1 drivers
v0x7ff8ead30f90_0 .net "ce11b", 0 0, L_0x7ff8ead3a6b0;  1 drivers
v0x7ff8ead31020_0 .net "q00", 127 0, v0x7ff8ead2bc50_0;  1 drivers
v0x7ff8ead310b0_0 .net "q01", 127 0, v0x7ff8ead2cd60_0;  1 drivers
v0x7ff8ead31160_0 .net "q10", 127 0, v0x7ff8ead2df00_0;  1 drivers
v0x7ff8ead31210_0 .net "q11", 127 0, v0x7ff8ead2f050_0;  1 drivers
v0x7ff8ead312c0_0 .net "we00b", 0 0, L_0x7ff8ead3a910;  1 drivers
v0x7ff8ead31370_0 .net "we01b", 0 0, L_0x7ff8ead3acb0;  1 drivers
v0x7ff8ead31420_0 .net "we10b", 0 0, L_0x7ff8ead3ae40;  1 drivers
v0x7ff8ead314d0_0 .net "we11b", 0 0, L_0x7ff8ead3b1f0;  1 drivers
L_0x7ff8ead39760 .part v0x7ff8ead37230_0, 1, 13;
L_0x7ff8ead39b10 .part L_0x7ff8ead37470, 1, 13;
L_0x7ff8ead39bb0 .functor MUXZ 13, L_0x7ff8ead39b10, L_0x7ff8ead39760, v0x7ff8ead193f0_0, C4<>;
L_0x7ff8ead39c50 .part L_0x7ff8ead37470, 1, 13;
L_0x7ff8ead39cf0 .part v0x7ff8ead37230_0, 1, 13;
L_0x7ff8ead39e10 .functor MUXZ 13, L_0x7ff8ead39cf0, L_0x7ff8ead39c50, v0x7ff8ead193f0_0, C4<>;
L_0x7ff8ead39fa0 .functor MUXZ 1, L_0x7ff8eae63008, L_0x7ff8ead39f30, v0x7ff8ead193f0_0, C4<>;
L_0x7ff8ead3a2a0 .functor MUXZ 1, L_0x7ff8eae63008, L_0x7ff8ead3a1b0, v0x7ff8ead193f0_0, C4<>;
L_0x7ff8ead3a430 .functor MUXZ 1, L_0x7ff8ead3a3c0, L_0x7ff8eae63008, v0x7ff8ead193f0_0, C4<>;
L_0x7ff8ead3a6b0 .functor MUXZ 1, L_0x7ff8ead3a640, L_0x7ff8eae63008, v0x7ff8ead193f0_0, C4<>;
L_0x7ff8ead3a910 .functor MUXZ 1, L_0x7ff8eae63050, L_0x7ff8ead39eb0, v0x7ff8ead193f0_0, C4<>;
L_0x7ff8ead3acb0 .functor MUXZ 1, L_0x7ff8eae63098, L_0x7ff8ead3ab00, v0x7ff8ead193f0_0, C4<>;
L_0x7ff8ead3ae40 .functor MUXZ 1, L_0x7ff8ead3add0, L_0x7ff8eae630e0, v0x7ff8ead193f0_0, C4<>;
L_0x7ff8ead3b1f0 .functor MUXZ 1, L_0x7ff8ead3b180, L_0x7ff8eae63128, v0x7ff8ead193f0_0, C4<>;
L_0x7ff8ead3b310 .concat [ 128 128 0 0], v0x7ff8ead2df00_0, v0x7ff8ead2f050_0;
L_0x7ff8ead3b4b0 .concat [ 128 128 0 0], v0x7ff8ead2bc50_0, v0x7ff8ead2cd60_0;
L_0x7ff8ead3b590 .functor MUXZ 256, L_0x7ff8ead3b4b0, L_0x7ff8ead3b310, v0x7ff8ead2fff0_0, C4<>;
L_0x7ff8ead3b6c0 .part v0x7ff8ead37230_0, 0, 1;
S_0x7ff8ead17c90 .scope module, "bank0_ram0" "ts1n40lphsb8192x128m4s_250a" 4 69, 5 11 0, S_0x7ff8ead189c0;
 .timescale 0 0;
    .port_info 0 /INPUT 13 "A"
    .port_info 1 /INPUT 256 "D"
    .port_info 2 /INPUT 1 "CLK"
    .port_info 3 /INPUT 1 "CEB"
    .port_info 4 /INPUT 1 "WEB"
    .port_info 5 /OUTPUT 128 "Q"
    .port_info 6 /INPUT 1 "BWEB"
    .port_info 7 /INPUT 13 "AM"
    .port_info 8 /INPUT 128 "DM"
    .port_info 9 /INPUT 1 "CEBM"
    .port_info 10 /INPUT 1 "WEBM"
    .port_info 11 /INPUT 1 "BWEBM"
    .port_info 12 /INPUT 1 "BIST"
    .port_info 13 /INPUT 1 "PD"
    .port_info 14 /INPUT 1 "AWT"
P_0x7ff8ead0b1a0 .param/l "ADRS" 0 5 16, +C4<000000000000000000000000000001101>;
P_0x7ff8ead0b1e0 .param/l "BITS" 0 5 15, +C4<00000000000000000000000010000000>;
P_0x7ff8ead0b220 .param/l "WORDS" 0 5 14, +C4<00000000000000000010000000000000>;
v0x7ff8ead09ae0_0 .net "A", 12 0, L_0x7ff8ead39bb0;  alias, 1 drivers
o0x7ff8eae32038 .functor BUFZ 13, C4<zzzzzzzzzzzzz>; HiZ drive
v0x7ff8ead2b490_0 .net "AM", 12 0, o0x7ff8eae32038;  0 drivers
o0x7ff8eae32068 .functor BUFZ 1, C4<z>; HiZ drive
v0x7ff8ead2b540_0 .net "AWT", 0 0, o0x7ff8eae32068;  0 drivers
o0x7ff8eae32098 .functor BUFZ 1, C4<z>; HiZ drive
v0x7ff8ead2b5f0_0 .net "BIST", 0 0, o0x7ff8eae32098;  0 drivers
o0x7ff8eae320c8 .functor BUFZ 1, C4<z>; HiZ drive
v0x7ff8ead2b690_0 .net "BWEB", 0 0, o0x7ff8eae320c8;  0 drivers
o0x7ff8eae320f8 .functor BUFZ 1, C4<z>; HiZ drive
v0x7ff8ead2b770_0 .net "BWEBM", 0 0, o0x7ff8eae320f8;  0 drivers
v0x7ff8ead2b810_0 .net "CEB", 0 0, L_0x7ff8ead39fa0;  alias, 1 drivers
o0x7ff8eae32158 .functor BUFZ 1, C4<z>; HiZ drive
v0x7ff8ead2b8b0_0 .net "CEBM", 0 0, o0x7ff8eae32158;  0 drivers
v0x7ff8ead2b950_0 .net "CLK", 0 0, v0x7ff8ead36fb0_0;  alias, 1 drivers
v0x7ff8ead2ba60_0 .net "D", 255 0, v0x7ff8ead37040_0;  alias, 1 drivers
o0x7ff8eae321e8 .functor BUFZ 128, C4<zzzzzzzzzzzzzzzzzzzzzzzzzzzzzzzzzzzzzzzzzzzzzzzzzzzzzzzzzzzzzzzzzzzzzzzzzzzzzzzzzzzzzzzzzzzzzzzzzzzzzzzzzzzzzzzzzzzzzzzzzzzzzzzz>; HiZ drive
v0x7ff8ead2bb00_0 .net "DM", 127 0, o0x7ff8eae321e8;  0 drivers
o0x7ff8eae32218 .functor BUFZ 1, C4<z>; HiZ drive
v0x7ff8ead2bbb0_0 .net "PD", 0 0, o0x7ff8eae32218;  0 drivers
v0x7ff8ead2bc50_0 .var "Q", 127 0;
v0x7ff8ead2bd00_0 .net "WEB", 0 0, L_0x7ff8ead3a910;  alias, 1 drivers
o0x7ff8eae322a8 .functor BUFZ 1, C4<z>; HiZ drive
v0x7ff8ead2bda0_0 .net "WEBM", 0 0, o0x7ff8eae322a8;  0 drivers
v0x7ff8ead2be40 .array "ram", 8191 0, 127 0;
E_0x7ff8ead09020 .event posedge, v0x7ff8ead2b950_0;
S_0x7ff8ead2c050 .scope module, "bank0_ram1" "ts1n40lphsb8192x128m4s_250a" 4 73, 5 11 0, S_0x7ff8ead189c0;
 .timescale 0 0;
    .port_info 0 /INPUT 13 "A"
    .port_info 1 /INPUT 256 "D"
    .port_info 2 /INPUT 1 "CLK"
    .port_info 3 /INPUT 1 "CEB"
    .port_info 4 /INPUT 1 "WEB"
    .port_info 5 /OUTPUT 128 "Q"
    .port_info 6 /INPUT 1 "BWEB"
    .port_info 7 /INPUT 13 "AM"
    .port_info 8 /INPUT 128 "DM"
    .port_info 9 /INPUT 1 "CEBM"
    .port_info 10 /INPUT 1 "WEBM"
    .port_info 11 /INPUT 1 "BWEBM"
    .port_info 12 /INPUT 1 "BIST"
    .port_info 13 /INPUT 1 "PD"
    .port_info 14 /INPUT 1 "AWT"
P_0x7ff8ead2c200 .param/l "ADRS" 0 5 16, +C4<000000000000000000000000000001101>;
P_0x7ff8ead2c240 .param/l "BITS" 0 5 15, +C4<00000000000000000000000010000000>;
P_0x7ff8ead2c280 .param/l "WORDS" 0 5 14, +C4<00000000000000000010000000000000>;
v0x7ff8ead2c560_0 .net "A", 12 0, L_0x7ff8ead39bb0;  alias, 1 drivers
o0x7ff8eae325a8 .functor BUFZ 13, C4<zzzzzzzzzzzzz>; HiZ drive
v0x7ff8ead2c5f0_0 .net "AM", 12 0, o0x7ff8eae325a8;  0 drivers
o0x7ff8eae325d8 .functor BUFZ 1, C4<z>; HiZ drive
v0x7ff8ead2c690_0 .net "AWT", 0 0, o0x7ff8eae325d8;  0 drivers
o0x7ff8eae32608 .functor BUFZ 1, C4<z>; HiZ drive
v0x7ff8ead2c740_0 .net "BIST", 0 0, o0x7ff8eae32608;  0 drivers
o0x7ff8eae32638 .functor BUFZ 1, C4<z>; HiZ drive
v0x7ff8ead2c7e0_0 .net "BWEB", 0 0, o0x7ff8eae32638;  0 drivers
o0x7ff8eae32668 .functor BUFZ 1, C4<z>; HiZ drive
v0x7ff8ead2c8c0_0 .net "BWEBM", 0 0, o0x7ff8eae32668;  0 drivers
v0x7ff8ead2c960_0 .net "CEB", 0 0, L_0x7ff8ead3a2a0;  alias, 1 drivers
o0x7ff8eae326c8 .functor BUFZ 1, C4<z>; HiZ drive
v0x7ff8ead2ca00_0 .net "CEBM", 0 0, o0x7ff8eae326c8;  0 drivers
v0x7ff8ead2caa0_0 .net "CLK", 0 0, v0x7ff8ead36fb0_0;  alias, 1 drivers
v0x7ff8ead2cbb0_0 .net "D", 255 0, v0x7ff8ead37040_0;  alias, 1 drivers
o0x7ff8eae326f8 .functor BUFZ 128, C4<zzzzzzzzzzzzzzzzzzzzzzzzzzzzzzzzzzzzzzzzzzzzzzzzzzzzzzzzzzzzzzzzzzzzzzzzzzzzzzzzzzzzzzzzzzzzzzzzzzzzzzzzzzzzzzzzzzzzzzzzzzzzzzzz>; HiZ drive
v0x7ff8ead2cc40_0 .net "DM", 127 0, o0x7ff8eae326f8;  0 drivers
o0x7ff8eae32728 .functor BUFZ 1, C4<z>; HiZ drive
v0x7ff8ead2ccd0_0 .net "PD", 0 0, o0x7ff8eae32728;  0 drivers
v0x7ff8ead2cd60_0 .var "Q", 127 0;
v0x7ff8ead2ce10_0 .net "WEB", 0 0, L_0x7ff8ead3acb0;  alias, 1 drivers
o0x7ff8eae327b8 .functor BUFZ 1, C4<z>; HiZ drive
v0x7ff8ead2ceb0_0 .net "WEBM", 0 0, o0x7ff8eae327b8;  0 drivers
v0x7ff8ead2cf50 .array "ram", 8191 0, 127 0;
S_0x7ff8ead2d160 .scope module, "bank1_ram0" "ts1n40lphsb8192x128m4s_250a" 4 77, 5 11 0, S_0x7ff8ead189c0;
 .timescale 0 0;
    .port_info 0 /INPUT 13 "A"
    .port_info 1 /INPUT 256 "D"
    .port_info 2 /INPUT 1 "CLK"
    .port_info 3 /INPUT 1 "CEB"
    .port_info 4 /INPUT 1 "WEB"
    .port_info 5 /OUTPUT 128 "Q"
    .port_info 6 /INPUT 1 "BWEB"
    .port_info 7 /INPUT 13 "AM"
    .port_info 8 /INPUT 128 "DM"
    .port_info 9 /INPUT 1 "CEBM"
    .port_info 10 /INPUT 1 "WEBM"
    .port_info 11 /INPUT 1 "BWEBM"
    .port_info 12 /INPUT 1 "BIST"
    .port_info 13 /INPUT 1 "PD"
    .port_info 14 /INPUT 1 "AWT"
P_0x7ff8ead2d330 .param/l "ADRS" 0 5 16, +C4<000000000000000000000000000001101>;
P_0x7ff8ead2d370 .param/l "BITS" 0 5 15, +C4<00000000000000000000000010000000>;
P_0x7ff8ead2d3b0 .param/l "WORDS" 0 5 14, +C4<00000000000000000010000000000000>;
v0x7ff8ead2d6d0_0 .net "A", 12 0, L_0x7ff8ead39e10;  alias, 1 drivers
o0x7ff8eae32ae8 .functor BUFZ 13, C4<zzzzzzzzzzzzz>; HiZ drive
v0x7ff8ead2d760_0 .net "AM", 12 0, o0x7ff8eae32ae8;  0 drivers
o0x7ff8eae32b18 .functor BUFZ 1, C4<z>; HiZ drive
v0x7ff8ead2d7f0_0 .net "AWT", 0 0, o0x7ff8eae32b18;  0 drivers
o0x7ff8eae32b48 .functor BUFZ 1, C4<z>; HiZ drive
v0x7ff8ead2d8a0_0 .net "BIST", 0 0, o0x7ff8eae32b48;  0 drivers
o0x7ff8eae32b78 .functor BUFZ 1, C4<z>; HiZ drive
v0x7ff8ead2d940_0 .net "BWEB", 0 0, o0x7ff8eae32b78;  0 drivers
o0x7ff8eae32ba8 .functor BUFZ 1, C4<z>; HiZ drive
v0x7ff8ead2da20_0 .net "BWEBM", 0 0, o0x7ff8eae32ba8;  0 drivers
v0x7ff8ead2dac0_0 .net "CEB", 0 0, L_0x7ff8ead3a430;  alias, 1 drivers
o0x7ff8eae32c08 .functor BUFZ 1, C4<z>; HiZ drive
v0x7ff8ead2db60_0 .net "CEBM", 0 0, o0x7ff8eae32c08;  0 drivers
v0x7ff8ead2dc00_0 .net "CLK", 0 0, v0x7ff8ead36fb0_0;  alias, 1 drivers
v0x7ff8ead2dd10_0 .net "D", 255 0, v0x7ff8ead37040_0;  alias, 1 drivers
o0x7ff8eae32c38 .functor BUFZ 128, C4<zzzzzzzzzzzzzzzzzzzzzzzzzzzzzzzzzzzzzzzzzzzzzzzzzzzzzzzzzzzzzzzzzzzzzzzzzzzzzzzzzzzzzzzzzzzzzzzzzzzzzzzzzzzzzzzzzzzzzzzzzzzzzzzz>; HiZ drive
v0x7ff8ead2dde0_0 .net "DM", 127 0, o0x7ff8eae32c38;  0 drivers
o0x7ff8eae32c68 .functor BUFZ 1, C4<z>; HiZ drive
v0x7ff8ead2de70_0 .net "PD", 0 0, o0x7ff8eae32c68;  0 drivers
v0x7ff8ead2df00_0 .var "Q", 127 0;
v0x7ff8ead2dfb0_0 .net "WEB", 0 0, L_0x7ff8ead3ae40;  alias, 1 drivers
o0x7ff8eae32cf8 .functor BUFZ 1, C4<z>; HiZ drive
v0x7ff8ead2e050_0 .net "WEBM", 0 0, o0x7ff8eae32cf8;  0 drivers
v0x7ff8ead2e0f0 .array "ram", 8191 0, 127 0;
S_0x7ff8ead2e300 .scope module, "bank1_ram1" "ts1n40lphsb8192x128m4s_250a" 4 81, 5 11 0, S_0x7ff8ead189c0;
 .timescale 0 0;
    .port_info 0 /INPUT 13 "A"
    .port_info 1 /INPUT 256 "D"
    .port_info 2 /INPUT 1 "CLK"
    .port_info 3 /INPUT 1 "CEB"
    .port_info 4 /INPUT 1 "WEB"
    .port_info 5 /OUTPUT 128 "Q"
    .port_info 6 /INPUT 1 "BWEB"
    .port_info 7 /INPUT 13 "AM"
    .port_info 8 /INPUT 128 "DM"
    .port_info 9 /INPUT 1 "CEBM"
    .port_info 10 /INPUT 1 "WEBM"
    .port_info 11 /INPUT 1 "BWEBM"
    .port_info 12 /INPUT 1 "BIST"
    .port_info 13 /INPUT 1 "PD"
    .port_info 14 /INPUT 1 "AWT"
P_0x7ff8ead2e4b0 .param/l "ADRS" 0 5 16, +C4<000000000000000000000000000001101>;
P_0x7ff8ead2e4f0 .param/l "BITS" 0 5 15, +C4<00000000000000000000000010000000>;
P_0x7ff8ead2e530 .param/l "WORDS" 0 5 14, +C4<00000000000000000010000000000000>;
v0x7ff8ead2e860_0 .net "A", 12 0, L_0x7ff8ead39e10;  alias, 1 drivers
o0x7ff8eae32ff8 .functor BUFZ 13, C4<zzzzzzzzzzzzz>; HiZ drive
v0x7ff8ead2e8f0_0 .net "AM", 12 0, o0x7ff8eae32ff8;  0 drivers
o0x7ff8eae33028 .functor BUFZ 1, C4<z>; HiZ drive
v0x7ff8ead2e980_0 .net "AWT", 0 0, o0x7ff8eae33028;  0 drivers
o0x7ff8eae33058 .functor BUFZ 1, C4<z>; HiZ drive
v0x7ff8ead2ea10_0 .net "BIST", 0 0, o0x7ff8eae33058;  0 drivers
o0x7ff8eae33088 .functor BUFZ 1, C4<z>; HiZ drive
v0x7ff8ead2eab0_0 .net "BWEB", 0 0, o0x7ff8eae33088;  0 drivers
o0x7ff8eae330b8 .functor BUFZ 1, C4<z>; HiZ drive
v0x7ff8ead2eb90_0 .net "BWEBM", 0 0, o0x7ff8eae330b8;  0 drivers
v0x7ff8ead2ec30_0 .net "CEB", 0 0, L_0x7ff8ead3a6b0;  alias, 1 drivers
o0x7ff8eae33118 .functor BUFZ 1, C4<z>; HiZ drive
v0x7ff8ead2ecd0_0 .net "CEBM", 0 0, o0x7ff8eae33118;  0 drivers
v0x7ff8ead2ed70_0 .net "CLK", 0 0, v0x7ff8ead36fb0_0;  alias, 1 drivers
v0x7ff8ead2ee80_0 .net "D", 255 0, v0x7ff8ead37040_0;  alias, 1 drivers
o0x7ff8eae33148 .functor BUFZ 128, C4<zzzzzzzzzzzzzzzzzzzzzzzzzzzzzzzzzzzzzzzzzzzzzzzzzzzzzzzzzzzzzzzzzzzzzzzzzzzzzzzzzzzzzzzzzzzzzzzzzzzzzzzzzzzzzzzzzzzzzzzzzzzzzzzz>; HiZ drive
v0x7ff8ead2ef10_0 .net "DM", 127 0, o0x7ff8eae33148;  0 drivers
o0x7ff8eae33178 .functor BUFZ 1, C4<z>; HiZ drive
v0x7ff8ead2efb0_0 .net "PD", 0 0, o0x7ff8eae33178;  0 drivers
v0x7ff8ead2f050_0 .var "Q", 127 0;
v0x7ff8ead2f100_0 .net "WEB", 0 0, L_0x7ff8ead3b1f0;  alias, 1 drivers
o0x7ff8eae33208 .functor BUFZ 1, C4<z>; HiZ drive
v0x7ff8ead2f1a0_0 .net "WEBM", 0 0, o0x7ff8eae33208;  0 drivers
v0x7ff8ead2f240 .array "ram", 8191 0, 127 0;
S_0x7ff8ead315c0 .scope module, "sequencer_0" "SEQUENCER" 3 49, 6 3 0, S_0x7ff8ead1ac30;
 .timescale 0 0;
    .port_info 0 /INPUT 1 "CLK"
    .port_info 1 /INPUT 1 "RSTL"
    .port_info 2 /INPUT 1 "PURGE"
    .port_info 3 /INPUT 1 "MBUSYW"
    .port_info 4 /INPUT 1 "MBUSYXI"
    .port_info 5 /INPUT 1 "MBUSYXO"
    .port_info 6 /INPUT 256 "QI"
    .port_info 7 /OUTPUT 14 "RADDRI"
    .port_info 8 /OUTPUT 1 "RCEBI"
    .port_info 9 /OUTPUT 16 "RADDRX"
    .port_info 10 /OUTPUT 16 "RADDRW"
    .port_info 11 /OUTPUT 16 "WADDRX"
    .port_info 12 /OUTPUT 1 "BANKX"
    .port_info 13 /OUTPUT 1 "BANKW"
    .port_info 14 /OUTPUT 1 "RCEBW"
    .port_info 15 /OUTPUT 1 "RCEBX"
    .port_info 16 /OUTPUT 1 "WCEBX"
    .port_info 17 /OUTPUT 1 "REQW"
    .port_info 18 /OUTPUT 1 "WBUF_PURGE"
    .port_info 19 /OUTPUT 1 "WBUF_EN"
    .port_info 20 /OUTPUT 6 "WBUF_EN_CTRL"
    .port_info 21 /OUTPUT 1 "WBUF_ALL_EN"
    .port_info 22 /OUTPUT 1 "WBUF_SWITCH"
    .port_info 23 /OUTPUT 1 "FC_WEIGHT_EN"
    .port_info 24 /OUTPUT 1 "NL_EN"
    .port_info 25 /OUTPUT 1 "SHIFT_MODE"
    .port_info 26 /OUTPUT 2 "NL_SEL"
    .port_info 27 /OUTPUT 1 "MAC_EN"
    .port_info 28 /OUTPUT 1 "RESULT_REQ"
    .port_info 29 /OUTPUT 4 "OLSB"
    .port_info 30 /OUTPUT 1 "RESULT_PURGE"
    .port_info 31 /OUTPUT 1 "OUTPUT_EN"
    .port_info 32 /OUTPUT 6 "OUTPUT_EN_CTRL"
    .port_info 33 /OUTPUT 1 "I_COMPARE_EN"
    .port_info 34 /OUTPUT 1 "I_COMPARE_MODE"
    .port_info 35 /OUTPUT 1 "I_COMPARE_SWITCH"
    .port_info 36 /OUTPUT 1 "O_COMPARE_EN"
    .port_info 37 /OUTPUT 1 "O_COMPARE_MODE"
    .port_info 38 /OUTPUT 1 "O_COMPARE_SWITCH"
    .port_info 39 /OUTPUT 1 "CAL_MODE"
    .port_info 40 /OUTPUT 1 "CONV_FC_MODE"
    .port_info 41 /OUTPUT 1 "FEEDBACK_MODE"
    .port_info 42 /OUTPUT 1 "CONF_EN"
    .port_info 43 /OUTPUT 1 "I_COMPARE_REGEN"
    .port_info 44 /OUTPUT 2 "NL_LOOP_SEL"
    .port_info 45 /OUTPUT 1 "SEQ_LOAD_I"
    .port_info 46 /OUTPUT 1 "SEQ_FIN"
    .port_info 47 /OUTPUT 1 "SEQ_STARTW"
    .port_info 48 /OUTPUT 1 "SEQ_STARTX"
    .port_info 49 /OUTPUT 1 "SEQ_STARTX_OUT"
    .port_info 50 /OUTPUT 1 "RCEBX0"
L_0x7ff8ead37550 .functor BUFZ 16, v0x7ff8ead32fd0_0, C4<0000000000000000>, C4<0000000000000000>, C4<0000000000000000>;
L_0x7ff8ead37600 .functor BUFZ 16, v0x7ff8ead34680_0, C4<0000000000000000>, C4<0000000000000000>, C4<0000000000000000>;
L_0x7ff8ead376b0 .functor BUFZ 16, v0x7ff8ead34390_0, C4<0000000000000000>, C4<0000000000000000>, C4<0000000000000000>;
L_0x7ff8ead37760 .functor BUFZ 6, v0x7ff8ead347a0_0, C4<000000>, C4<000000>, C4<000000>;
L_0x7ff8ead37810 .functor BUFZ 6, v0x7ff8ead34180_0, C4<000000>, C4<000000>, C4<000000>;
L_0x7ff8ead378f0 .functor BUFZ 1, v0x7ff8ead34560_0, C4<0>, C4<0>, C4<0>;
v0x7ff8ead31910_0 .net "BANKW", 0 0, L_0x7ff8ead37dd0;  alias, 1 drivers
v0x7ff8ead319a0_0 .net "BANKX", 0 0, L_0x7ff8ead379a0;  alias, 1 drivers
v0x7ff8ead31a40_0 .net "CAL_MODE", 0 0, L_0x7ff8ead392d0;  alias, 1 drivers
v0x7ff8ead31af0_0 .net "CLK", 0 0, v0x7ff8ead36fb0_0;  alias, 1 drivers
v0x7ff8ead31b80_0 .net "CONF_EN", 0 0, L_0x7ff8ead391f0;  alias, 1 drivers
v0x7ff8ead31c60_0 .net "CONV_FC_MODE", 0 0, L_0x7ff8ead39040;  alias, 1 drivers
v0x7ff8ead31d00_0 .net "FC_WEIGHT_EN", 0 0, L_0x7ff8ead38420;  alias, 1 drivers
v0x7ff8ead31da0_0 .net "FEEDBACK_MODE", 0 0, L_0x7ff8ead394e0;  alias, 1 drivers
v0x7ff8ead31e40_0 .net "I_COMPARE_EN", 0 0, L_0x7ff8ead38bb0;  alias, 1 drivers
v0x7ff8ead31f50_0 .net "I_COMPARE_MODE", 0 0, L_0x7ff8ead38e40;  alias, 1 drivers
v0x7ff8ead31fe0_0 .net "I_COMPARE_REGEN", 0 0, L_0x7ff8ead396c0;  alias, 1 drivers
v0x7ff8ead32080_0 .net "I_COMPARE_SWITCH", 0 0, L_0x7ff8ead38fa0;  alias, 1 drivers
v0x7ff8ead32120_0 .net "MAC_EN", 0 0, L_0x7ff8ead38760;  alias, 1 drivers
o0x7ff8eae33e68 .functor BUFZ 1, C4<z>; HiZ drive
v0x7ff8ead321c0_0 .net "MBUSYW", 0 0, o0x7ff8eae33e68;  0 drivers
o0x7ff8eae33e98 .functor BUFZ 1, C4<z>; HiZ drive
v0x7ff8ead32260_0 .net "MBUSYXI", 0 0, o0x7ff8eae33e98;  0 drivers
o0x7ff8eae33ec8 .functor BUFZ 1, C4<z>; HiZ drive
v0x7ff8ead32300_0 .net "MBUSYXO", 0 0, o0x7ff8eae33ec8;  0 drivers
v0x7ff8ead323a0_0 .net "NL_EN", 0 0, L_0x7ff8ead384c0;  alias, 1 drivers
v0x7ff8ead32530_0 .net "NL_LOOP_SEL", 1 0, L_0x7ff8ead393f0;  1 drivers
v0x7ff8ead325c0_0 .net "NL_SEL", 1 0, L_0x7ff8ead38680;  alias, 1 drivers
v0x7ff8ead32660_0 .net "OLSB", 3 0, L_0x7ff8ead38160;  alias, 1 drivers
v0x7ff8ead32710_0 .net "OUTPUT_EN", 0 0, L_0x7ff8ead38cf0;  alias, 1 drivers
v0x7ff8ead327b0_0 .net "OUTPUT_EN_CTRL", 5 0, L_0x7ff8ead37810;  alias, 1 drivers
v0x7ff8ead32860_0 .net "O_COMPARE_EN", 0 0, L_0x7ff8ead38d90;  alias, 1 drivers
v0x7ff8ead32900_0 .net "O_COMPARE_MODE", 0 0, L_0x7ff8ead39110;  alias, 1 drivers
v0x7ff8ead329a0_0 .net "O_COMPARE_SWITCH", 0 0, L_0x7ff8ead38ee0;  alias, 1 drivers
v0x7ff8ead32a40_0 .net "PURGE", 0 0, o0x7ff8eae340a8;  alias, 0 drivers
v0x7ff8ead32ae0_0 .net "QI", 255 0, L_0x7ff8ead3b590;  alias, 1 drivers
v0x7ff8ead32ba0_0 .net "RADDRI", 13 0, L_0x7ff8ead37470;  alias, 1 drivers
v0x7ff8ead32c30_0 .net "RADDRW", 15 0, L_0x7ff8ead376b0;  alias, 1 drivers
v0x7ff8ead32cc0_0 .net "RADDRX", 15 0, L_0x7ff8ead37550;  alias, 1 drivers
v0x7ff8ead32d50_0 .net "RCEBI", 0 0, L_0x7ff8eae63008;  alias, 1 drivers
v0x7ff8ead32de0_0 .net "RCEBW", 0 0, L_0x7ff8ead37eb0;  alias, 1 drivers
v0x7ff8ead32e70_0 .net "RCEBX", 0 0, L_0x7ff8ead37ba0;  alias, 1 drivers
v0x7ff8ead32430_0 .net "RCEBX0", 0 0, L_0x7ff8ead39930;  alias, 1 drivers
v0x7ff8ead33100_0 .net "REQW", 0 0, L_0x7ff8ead37f90;  alias, 1 drivers
v0x7ff8ead33190_0 .net "REQX", 0 0, L_0x7ff8ead37cb0;  1 drivers
v0x7ff8ead33220_0 .net "RESULT_PURGE", 0 0, L_0x7ff8ead38c50;  alias, 1 drivers
v0x7ff8ead332b0_0 .net "RESULT_REQ", 0 0, L_0x7ff8ead388d0;  alias, 1 drivers
v0x7ff8ead33340_0 .net "RSTL", 0 0, v0x7ff8ead37160_0;  alias, 1 drivers
v0x7ff8ead333d0_0 .net "SEQ_FIN", 0 0, L_0x7ff8ead389b0;  1 drivers
v0x7ff8ead33460_0 .net "SEQ_LOAD_I", 0 0, L_0x7ff8ead395c0;  1 drivers
v0x7ff8ead33500_0 .net "SEQ_STARTW", 0 0, L_0x7ff8ead38a50;  1 drivers
v0x7ff8ead335a0_0 .net "SEQ_STARTX", 0 0, L_0x7ff8ead38af0;  1 drivers
v0x7ff8ead33640_0 .net "SEQ_STARTX_OUT", 0 0, L_0x7ff8ead39890;  1 drivers
v0x7ff8ead336e0_0 .net "SHIFT_MODE", 0 0, L_0x7ff8ead385a0;  alias, 1 drivers
v0x7ff8ead33780_0 .net "WADDRX", 15 0, L_0x7ff8ead37600;  alias, 1 drivers
v0x7ff8ead33830_0 .net "WBUF_ALL_EN", 0 0, L_0x7ff8ead38340;  alias, 1 drivers
v0x7ff8ead338d0_0 .net "WBUF_EN", 0 0, L_0x7ff8ead38260;  alias, 1 drivers
v0x7ff8ead33970_0 .net "WBUF_EN_CTRL", 5 0, L_0x7ff8ead37760;  alias, 1 drivers
v0x7ff8ead33a20_0 .net "WBUF_PURGE", 0 0, L_0x7ff8ead380c0;  alias, 1 drivers
v0x7ff8ead33ac0_0 .net "WBUF_SWITCH", 0 0, L_0x7ff8ead378f0;  alias, 1 drivers
v0x7ff8ead33b60_0 .net "WCEBX", 0 0, L_0x7ff8ead37a80;  alias, 1 drivers
v0x7ff8ead33c00_0 .net *"_s1", 14 0, L_0x7ff8ead373d0;  1 drivers
v0x7ff8ead33cb0_0 .var "counter0", 15 0;
v0x7ff8ead33d60_0 .var "counter1", 15 0;
v0x7ff8ead33e10_0 .var "counter2", 15 0;
v0x7ff8ead33ec0_0 .var "counter3", 15 0;
v0x7ff8ead33f70_0 .var "pc", 31 0;
v0x7ff8ead34020_0 .var "qi_latch", 255 0;
v0x7ff8ead340d0_0 .var "reg_outputenctrl", 5 0;
v0x7ff8ead34180_0 .var "reg_outputenctrl_latch", 5 0;
v0x7ff8ead34230_0 .var "reg_raddrw", 15 0;
v0x7ff8ead342e0_0 .var "reg_raddrw_bak", 15 0;
v0x7ff8ead34390_0 .var "reg_raddrw_latch", 15 0;
v0x7ff8ead34440_0 .var "reg_raddrx", 15 0;
v0x7ff8ead32f20_0 .var "reg_raddrx_bak", 15 0;
v0x7ff8ead32fd0_0 .var "reg_raddrx_latch", 15 0;
v0x7ff8ead344d0_0 .var "reg_switch", 0 0;
v0x7ff8ead34560_0 .var "reg_switch_latch", 0 0;
v0x7ff8ead345f0_0 .var "reg_waddrx", 15 0;
v0x7ff8ead34680_0 .var "reg_waddrx_latch", 15 0;
v0x7ff8ead34710_0 .var "reg_wbufenctrl", 5 0;
v0x7ff8ead347a0_0 .var "reg_wbufenctrl_latch", 5 0;
E_0x7ff8ead10470/0 .event negedge, v0x7ff8ead33340_0;
E_0x7ff8ead10470/1 .event posedge, v0x7ff8ead2b950_0;
E_0x7ff8ead10470 .event/or E_0x7ff8ead10470/0, E_0x7ff8ead10470/1;
L_0x7ff8ead373d0 .part v0x7ff8ead33f70_0, 0, 15;
L_0x7ff8ead37470 .part L_0x7ff8ead373d0, 0, 14;
L_0x7ff8ead379a0 .part v0x7ff8ead34020_0, 160, 1;
L_0x7ff8ead37a80 .part v0x7ff8ead34020_0, 161, 1;
L_0x7ff8ead37ba0 .part v0x7ff8ead34020_0, 162, 1;
L_0x7ff8ead37cb0 .part v0x7ff8ead34020_0, 163, 1;
L_0x7ff8ead37dd0 .part v0x7ff8ead34020_0, 164, 1;
L_0x7ff8ead37eb0 .part v0x7ff8ead34020_0, 165, 1;
L_0x7ff8ead37f90 .part v0x7ff8ead34020_0, 166, 1;
L_0x7ff8ead380c0 .part v0x7ff8ead34020_0, 167, 1;
L_0x7ff8ead38260 .part v0x7ff8ead34020_0, 168, 1;
L_0x7ff8ead38340 .part v0x7ff8ead34020_0, 175, 1;
L_0x7ff8ead38420 .part v0x7ff8ead34020_0, 177, 1;
L_0x7ff8ead384c0 .part v0x7ff8ead34020_0, 178, 1;
L_0x7ff8ead385a0 .part v0x7ff8ead34020_0, 179, 1;
L_0x7ff8ead38680 .part v0x7ff8ead34020_0, 180, 2;
L_0x7ff8ead38760 .part v0x7ff8ead34020_0, 182, 1;
L_0x7ff8ead388d0 .part v0x7ff8ead34020_0, 183, 1;
L_0x7ff8ead38160 .part v0x7ff8ead34020_0, 184, 4;
L_0x7ff8ead38c50 .part v0x7ff8ead34020_0, 188, 1;
L_0x7ff8ead38cf0 .part v0x7ff8ead34020_0, 189, 1;
L_0x7ff8ead38bb0 .part v0x7ff8ead34020_0, 196, 1;
L_0x7ff8ead38e40 .part v0x7ff8ead34020_0, 197, 1;
L_0x7ff8ead38fa0 .part v0x7ff8ead34020_0, 198, 1;
L_0x7ff8ead38d90 .part v0x7ff8ead34020_0, 199, 1;
L_0x7ff8ead39110 .part v0x7ff8ead34020_0, 200, 1;
L_0x7ff8ead38ee0 .part v0x7ff8ead34020_0, 201, 1;
L_0x7ff8ead392d0 .part v0x7ff8ead34020_0, 202, 1;
L_0x7ff8ead39040 .part v0x7ff8ead34020_0, 203, 1;
L_0x7ff8ead394e0 .part v0x7ff8ead34020_0, 204, 1;
L_0x7ff8ead391f0 .part v0x7ff8ead34020_0, 205, 1;
L_0x7ff8ead396c0 .part v0x7ff8ead34020_0, 214, 1;
L_0x7ff8ead393f0 .part v0x7ff8ead34020_0, 206, 2;
L_0x7ff8ead395c0 .part v0x7ff8ead34020_0, 208, 1;
L_0x7ff8ead389b0 .part v0x7ff8ead34020_0, 209, 1;
L_0x7ff8ead38a50 .part v0x7ff8ead34020_0, 210, 1;
L_0x7ff8ead38af0 .part v0x7ff8ead34020_0, 211, 1;
L_0x7ff8ead39890 .part v0x7ff8ead34020_0, 212, 1;
L_0x7ff8ead39930 .part v0x7ff8ead34020_0, 213, 1;
    .scope S_0x7ff8ead315c0;
T_0 ;
    %wait E_0x7ff8ead10470;
    %load/vec4 v0x7ff8ead33340_0;
    %nor/r;
    %flag_set/vec4 8;
    %jmp/0xz  T_0.0, 8;
    %pushi/vec4 0, 0, 32;
    %assign/vec4 v0x7ff8ead33f70_0, 0;
    %jmp T_0.1;
T_0.0 ;
    %load/vec4 v0x7ff8ead32a40_0;
    %flag_set/vec4 8;
    %jmp/0xz  T_0.2, 8;
    %pushi/vec4 0, 0, 32;
    %assign/vec4 v0x7ff8ead33f70_0, 0;
    %jmp T_0.3;
T_0.2 ;
    %load/vec4 v0x7ff8ead32ae0_0;
    %parti/s 1, 215, 9;
    %load/vec4 v0x7ff8ead321c0_0;
    %and;
    %flag_set/vec4 8;
    %jmp/0xz  T_0.4, 8;
    %load/vec4 v0x7ff8ead33f70_0;
    %subi 1, 0, 32;
    %assign/vec4 v0x7ff8ead33f70_0, 0;
    %jmp T_0.5;
T_0.4 ;
    %load/vec4 v0x7ff8ead32ae0_0;
    %parti/s 1, 216, 9;
    %load/vec4 v0x7ff8ead32260_0;
    %and;
    %flag_set/vec4 8;
    %jmp/0xz  T_0.6, 8;
    %load/vec4 v0x7ff8ead33f70_0;
    %subi 1, 0, 32;
    %assign/vec4 v0x7ff8ead33f70_0, 0;
    %jmp T_0.7;
T_0.6 ;
    %load/vec4 v0x7ff8ead32ae0_0;
    %parti/s 1, 217, 9;
    %load/vec4 v0x7ff8ead32300_0;
    %and;
    %flag_set/vec4 8;
    %jmp/0xz  T_0.8, 8;
    %load/vec4 v0x7ff8ead33f70_0;
    %subi 1, 0, 32;
    %assign/vec4 v0x7ff8ead33f70_0, 0;
    %jmp T_0.9;
T_0.8 ;
    %load/vec4 v0x7ff8ead32ae0_0;
    %parti/s 1, 7, 4;
    %load/vec4 v0x7ff8ead32ae0_0;
    %parti/s 1, 6, 4;
    %concat/vec4; draw_concat_vec4
    %load/vec4 v0x7ff8ead32ae0_0;
    %parti/s 1, 5, 4;
    %concat/vec4; draw_concat_vec4
    %load/vec4 v0x7ff8ead32ae0_0;
    %parti/s 1, 4, 4;
    %concat/vec4; draw_concat_vec4
    %dup/vec4;
    %pushi/vec4 1, 0, 4;
    %cmp/u;
    %jmp/1 T_0.10, 6;
    %dup/vec4;
    %pushi/vec4 2, 0, 4;
    %cmp/u;
    %jmp/1 T_0.11, 6;
    %dup/vec4;
    %pushi/vec4 4, 0, 4;
    %cmp/u;
    %jmp/1 T_0.12, 6;
    %dup/vec4;
    %pushi/vec4 8, 0, 4;
    %cmp/u;
    %jmp/1 T_0.13, 6;
    %load/vec4 v0x7ff8ead33f70_0;
    %addi 1, 0, 32;
    %assign/vec4 v0x7ff8ead33f70_0, 0;
    %jmp T_0.15;
T_0.10 ;
    %load/vec4 v0x7ff8ead33cb0_0;
    %pad/u 32;
    %cmpi/e 1, 0, 32;
    %jmp/0xz  T_0.16, 4;
    %load/vec4 v0x7ff8ead33f70_0;
    %addi 1, 0, 32;
    %assign/vec4 v0x7ff8ead33f70_0, 0;
    %jmp T_0.17;
T_0.16 ;
    %load/vec4 v0x7ff8ead32ae0_0;
    %parti/s 32, 16, 6;
    %assign/vec4 v0x7ff8ead33f70_0, 0;
T_0.17 ;
    %jmp T_0.15;
T_0.11 ;
    %load/vec4 v0x7ff8ead33d60_0;
    %pad/u 32;
    %cmpi/e 1, 0, 32;
    %jmp/0xz  T_0.18, 4;
    %load/vec4 v0x7ff8ead33f70_0;
    %addi 1, 0, 32;
    %assign/vec4 v0x7ff8ead33f70_0, 0;
    %jmp T_0.19;
T_0.18 ;
    %load/vec4 v0x7ff8ead32ae0_0;
    %parti/s 32, 16, 6;
    %assign/vec4 v0x7ff8ead33f70_0, 0;
T_0.19 ;
    %jmp T_0.15;
T_0.12 ;
    %load/vec4 v0x7ff8ead33e10_0;
    %pad/u 32;
    %cmpi/e 1, 0, 32;
    %jmp/0xz  T_0.20, 4;
    %load/vec4 v0x7ff8ead33f70_0;
    %addi 1, 0, 32;
    %assign/vec4 v0x7ff8ead33f70_0, 0;
    %jmp T_0.21;
T_0.20 ;
    %load/vec4 v0x7ff8ead32ae0_0;
    %parti/s 32, 16, 6;
    %assign/vec4 v0x7ff8ead33f70_0, 0;
T_0.21 ;
    %jmp T_0.15;
T_0.13 ;
    %load/vec4 v0x7ff8ead33ec0_0;
    %pad/u 32;
    %cmpi/e 1, 0, 32;
    %jmp/0xz  T_0.22, 4;
    %load/vec4 v0x7ff8ead33f70_0;
    %addi 1, 0, 32;
    %assign/vec4 v0x7ff8ead33f70_0, 0;
    %jmp T_0.23;
T_0.22 ;
    %load/vec4 v0x7ff8ead32ae0_0;
    %parti/s 32, 16, 6;
    %assign/vec4 v0x7ff8ead33f70_0, 0;
T_0.23 ;
    %jmp T_0.15;
T_0.15 ;
    %pop/vec4 1;
T_0.9 ;
T_0.7 ;
T_0.5 ;
T_0.3 ;
T_0.1 ;
    %jmp T_0;
    .thread T_0;
    .scope S_0x7ff8ead315c0;
T_1 ;
    %wait E_0x7ff8ead10470;
    %load/vec4 v0x7ff8ead33340_0;
    %nor/r;
    %flag_set/vec4 8;
    %jmp/0xz  T_1.0, 8;
    %pushi/vec4 0, 0, 16;
    %assign/vec4 v0x7ff8ead33cb0_0, 0;
    %jmp T_1.1;
T_1.0 ;
    %load/vec4 v0x7ff8ead32a40_0;
    %flag_set/vec4 8;
    %jmp/0xz  T_1.2, 8;
    %pushi/vec4 0, 0, 16;
    %assign/vec4 v0x7ff8ead33cb0_0, 0;
    %jmp T_1.3;
T_1.2 ;
    %load/vec4 v0x7ff8ead32ae0_0;
    %parti/s 1, 0, 2;
    %dup/vec4;
    %pushi/vec4 1, 0, 1;
    %cmp/u;
    %jmp/1 T_1.4, 6;
    %load/vec4 v0x7ff8ead32ae0_0;
    %parti/s 1, 4, 4;
    %dup/vec4;
    %pushi/vec4 1, 0, 1;
    %cmp/u;
    %jmp/1 T_1.7, 6;
    %load/vec4 v0x7ff8ead33cb0_0;
    %assign/vec4 v0x7ff8ead33cb0_0, 0;
    %jmp T_1.9;
T_1.7 ;
    %load/vec4 v0x7ff8ead33cb0_0;
    %subi 1, 0, 16;
    %assign/vec4 v0x7ff8ead33cb0_0, 0;
    %jmp T_1.9;
T_1.9 ;
    %pop/vec4 1;
    %jmp T_1.6;
T_1.4 ;
    %load/vec4 v0x7ff8ead33cb0_0;
    %cmpi/e 0, 0, 16;
    %jmp/0xz  T_1.10, 4;
    %load/vec4 v0x7ff8ead32ae0_0;
    %parti/s 16, 48, 7;
    %assign/vec4 v0x7ff8ead33cb0_0, 0;
    %jmp T_1.11;
T_1.10 ;
    %load/vec4 v0x7ff8ead33cb0_0;
    %assign/vec4 v0x7ff8ead33cb0_0, 0;
T_1.11 ;
    %jmp T_1.6;
T_1.6 ;
    %pop/vec4 1;
T_1.3 ;
T_1.1 ;
    %jmp T_1;
    .thread T_1;
    .scope S_0x7ff8ead315c0;
T_2 ;
    %wait E_0x7ff8ead10470;
    %load/vec4 v0x7ff8ead33340_0;
    %nor/r;
    %flag_set/vec4 8;
    %jmp/0xz  T_2.0, 8;
    %pushi/vec4 0, 0, 16;
    %assign/vec4 v0x7ff8ead33d60_0, 0;
    %jmp T_2.1;
T_2.0 ;
    %load/vec4 v0x7ff8ead32a40_0;
    %flag_set/vec4 8;
    %jmp/0xz  T_2.2, 8;
    %pushi/vec4 0, 0, 16;
    %assign/vec4 v0x7ff8ead33d60_0, 0;
    %jmp T_2.3;
T_2.2 ;
    %load/vec4 v0x7ff8ead32ae0_0;
    %parti/s 1, 1, 2;
    %dup/vec4;
    %pushi/vec4 1, 0, 1;
    %cmp/u;
    %jmp/1 T_2.4, 6;
    %load/vec4 v0x7ff8ead32ae0_0;
    %parti/s 1, 5, 4;
    %dup/vec4;
    %pushi/vec4 1, 0, 1;
    %cmp/u;
    %jmp/1 T_2.7, 6;
    %load/vec4 v0x7ff8ead33d60_0;
    %assign/vec4 v0x7ff8ead33d60_0, 0;
    %jmp T_2.9;
T_2.7 ;
    %load/vec4 v0x7ff8ead33d60_0;
    %subi 1, 0, 16;
    %assign/vec4 v0x7ff8ead33d60_0, 0;
    %jmp T_2.9;
T_2.9 ;
    %pop/vec4 1;
    %jmp T_2.6;
T_2.4 ;
    %load/vec4 v0x7ff8ead33d60_0;
    %cmpi/e 0, 0, 16;
    %jmp/0xz  T_2.10, 4;
    %load/vec4 v0x7ff8ead32ae0_0;
    %parti/s 16, 64, 8;
    %assign/vec4 v0x7ff8ead33d60_0, 0;
    %jmp T_2.11;
T_2.10 ;
    %load/vec4 v0x7ff8ead33d60_0;
    %assign/vec4 v0x7ff8ead33d60_0, 0;
T_2.11 ;
    %jmp T_2.6;
T_2.6 ;
    %pop/vec4 1;
T_2.3 ;
T_2.1 ;
    %jmp T_2;
    .thread T_2;
    .scope S_0x7ff8ead315c0;
T_3 ;
    %wait E_0x7ff8ead10470;
    %load/vec4 v0x7ff8ead33340_0;
    %nor/r;
    %flag_set/vec4 8;
    %jmp/0xz  T_3.0, 8;
    %pushi/vec4 0, 0, 16;
    %assign/vec4 v0x7ff8ead33e10_0, 0;
    %jmp T_3.1;
T_3.0 ;
    %load/vec4 v0x7ff8ead32a40_0;
    %flag_set/vec4 8;
    %jmp/0xz  T_3.2, 8;
    %pushi/vec4 0, 0, 16;
    %assign/vec4 v0x7ff8ead33e10_0, 0;
    %jmp T_3.3;
T_3.2 ;
    %load/vec4 v0x7ff8ead32ae0_0;
    %parti/s 1, 2, 3;
    %dup/vec4;
    %pushi/vec4 1, 0, 1;
    %cmp/u;
    %jmp/1 T_3.4, 6;
    %load/vec4 v0x7ff8ead32ae0_0;
    %parti/s 1, 6, 4;
    %dup/vec4;
    %pushi/vec4 1, 0, 1;
    %cmp/u;
    %jmp/1 T_3.7, 6;
    %load/vec4 v0x7ff8ead33e10_0;
    %assign/vec4 v0x7ff8ead33e10_0, 0;
    %jmp T_3.9;
T_3.7 ;
    %load/vec4 v0x7ff8ead33e10_0;
    %subi 1, 0, 16;
    %assign/vec4 v0x7ff8ead33e10_0, 0;
    %jmp T_3.9;
T_3.9 ;
    %pop/vec4 1;
    %jmp T_3.6;
T_3.4 ;
    %load/vec4 v0x7ff8ead33e10_0;
    %cmpi/e 0, 0, 16;
    %jmp/0xz  T_3.10, 4;
    %load/vec4 v0x7ff8ead32ae0_0;
    %parti/s 16, 80, 8;
    %assign/vec4 v0x7ff8ead33e10_0, 0;
    %jmp T_3.11;
T_3.10 ;
    %load/vec4 v0x7ff8ead33e10_0;
    %assign/vec4 v0x7ff8ead33e10_0, 0;
T_3.11 ;
    %jmp T_3.6;
T_3.6 ;
    %pop/vec4 1;
T_3.3 ;
T_3.1 ;
    %jmp T_3;
    .thread T_3;
    .scope S_0x7ff8ead315c0;
T_4 ;
    %wait E_0x7ff8ead10470;
    %load/vec4 v0x7ff8ead33340_0;
    %nor/r;
    %flag_set/vec4 8;
    %jmp/0xz  T_4.0, 8;
    %pushi/vec4 0, 0, 16;
    %assign/vec4 v0x7ff8ead33ec0_0, 0;
    %jmp T_4.1;
T_4.0 ;
    %load/vec4 v0x7ff8ead32a40_0;
    %flag_set/vec4 8;
    %jmp/0xz  T_4.2, 8;
    %pushi/vec4 0, 0, 16;
    %assign/vec4 v0x7ff8ead33ec0_0, 0;
    %jmp T_4.3;
T_4.2 ;
    %load/vec4 v0x7ff8ead32ae0_0;
    %parti/s 1, 3, 3;
    %dup/vec4;
    %pushi/vec4 1, 0, 1;
    %cmp/u;
    %jmp/1 T_4.4, 6;
    %load/vec4 v0x7ff8ead32ae0_0;
    %parti/s 1, 7, 4;
    %dup/vec4;
    %pushi/vec4 1, 0, 1;
    %cmp/u;
    %jmp/1 T_4.7, 6;
    %load/vec4 v0x7ff8ead33ec0_0;
    %assign/vec4 v0x7ff8ead33ec0_0, 0;
    %jmp T_4.9;
T_4.7 ;
    %load/vec4 v0x7ff8ead33ec0_0;
    %subi 1, 0, 16;
    %assign/vec4 v0x7ff8ead33ec0_0, 0;
    %jmp T_4.9;
T_4.9 ;
    %pop/vec4 1;
    %jmp T_4.6;
T_4.4 ;
    %load/vec4 v0x7ff8ead33ec0_0;
    %cmpi/e 0, 0, 16;
    %jmp/0xz  T_4.10, 4;
    %load/vec4 v0x7ff8ead32ae0_0;
    %parti/s 16, 96, 8;
    %assign/vec4 v0x7ff8ead33ec0_0, 0;
    %jmp T_4.11;
T_4.10 ;
    %load/vec4 v0x7ff8ead33ec0_0;
    %assign/vec4 v0x7ff8ead33ec0_0, 0;
T_4.11 ;
    %jmp T_4.6;
T_4.6 ;
    %pop/vec4 1;
T_4.3 ;
T_4.1 ;
    %jmp T_4;
    .thread T_4;
    .scope S_0x7ff8ead315c0;
T_5 ;
    %wait E_0x7ff8ead10470;
    %load/vec4 v0x7ff8ead33340_0;
    %nor/r;
    %flag_set/vec4 8;
    %jmp/0xz  T_5.0, 8;
    %pushi/vec4 0, 0, 16;
    %assign/vec4 v0x7ff8ead34440_0, 0;
    %jmp T_5.1;
T_5.0 ;
    %load/vec4 v0x7ff8ead32a40_0;
    %flag_set/vec4 8;
    %jmp/0xz  T_5.2, 8;
    %pushi/vec4 0, 0, 16;
    %assign/vec4 v0x7ff8ead34440_0, 0;
    %jmp T_5.3;
T_5.2 ;
    %load/vec4 v0x7ff8ead32ae0_0;
    %parti/s 1, 8, 5;
    %dup/vec4;
    %pushi/vec4 0, 0, 1;
    %cmp/u;
    %jmp/1 T_5.4, 6;
    %dup/vec4;
    %pushi/vec4 1, 0, 1;
    %cmp/u;
    %jmp/1 T_5.5, 6;
    %jmp T_5.6;
T_5.4 ;
    %load/vec4 v0x7ff8ead32f20_0;
    %pushi/vec4 0, 0, 16;
    %cmp/e;
    %flag_get/vec4 4;
    %inv;
    %load/vec4 v0x7ff8ead32ae0_0;
    %parti/s 1, 11, 5;
    %pushi/vec4 1, 0, 1;
    %cmp/e;
    %flag_get/vec4 4;
    %and;
    %flag_set/vec4 8;
    %jmp/0xz  T_5.7, 8;
    %load/vec4 v0x7ff8ead32f20_0;
    %assign/vec4 v0x7ff8ead34440_0, 0;
    %jmp T_5.8;
T_5.7 ;
    %load/vec4 v0x7ff8ead32ae0_0;
    %parti/s 1, 127, 8;
    %dup/vec4;
    %pushi/vec4 0, 0, 1;
    %cmp/u;
    %jmp/1 T_5.9, 6;
    %dup/vec4;
    %pushi/vec4 1, 0, 1;
    %cmp/u;
    %jmp/1 T_5.10, 6;
    %jmp T_5.11;
T_5.9 ;
    %load/vec4 v0x7ff8ead34440_0;
    %load/vec4 v0x7ff8ead32ae0_0;
    %parti/s 15, 112, 8;
    %pad/u 16;
    %add;
    %assign/vec4 v0x7ff8ead34440_0, 0;
    %jmp T_5.11;
T_5.10 ;
    %load/vec4 v0x7ff8ead34440_0;
    %load/vec4 v0x7ff8ead32ae0_0;
    %parti/s 15, 112, 8;
    %pad/u 16;
    %sub;
    %assign/vec4 v0x7ff8ead34440_0, 0;
    %jmp T_5.11;
T_5.11 ;
    %pop/vec4 1;
T_5.8 ;
    %jmp T_5.6;
T_5.5 ;
    %load/vec4 v0x7ff8ead32ae0_0;
    %parti/s 16, 112, 8;
    %assign/vec4 v0x7ff8ead34440_0, 0;
    %jmp T_5.6;
T_5.6 ;
    %pop/vec4 1;
T_5.3 ;
T_5.1 ;
    %jmp T_5;
    .thread T_5;
    .scope S_0x7ff8ead315c0;
T_6 ;
    %wait E_0x7ff8ead10470;
    %load/vec4 v0x7ff8ead33340_0;
    %nor/r;
    %flag_set/vec4 8;
    %jmp/0xz  T_6.0, 8;
    %pushi/vec4 0, 0, 16;
    %assign/vec4 v0x7ff8ead32f20_0, 0;
    %jmp T_6.1;
T_6.0 ;
    %load/vec4 v0x7ff8ead32a40_0;
    %flag_set/vec4 8;
    %jmp/0xz  T_6.2, 8;
    %pushi/vec4 0, 0, 16;
    %assign/vec4 v0x7ff8ead32f20_0, 0;
    %jmp T_6.3;
T_6.2 ;
    %load/vec4 v0x7ff8ead32ae0_0;
    %parti/s 1, 11, 5;
    %dup/vec4;
    %pushi/vec4 0, 0, 1;
    %cmp/u;
    %jmp/1 T_6.4, 6;
    %dup/vec4;
    %pushi/vec4 1, 0, 1;
    %cmp/u;
    %jmp/1 T_6.5, 6;
    %jmp T_6.6;
T_6.4 ;
    %load/vec4 v0x7ff8ead32f20_0;
    %assign/vec4 v0x7ff8ead32f20_0, 0;
    %jmp T_6.6;
T_6.5 ;
    %load/vec4 v0x7ff8ead32f20_0;
    %cmpi/ne 0, 0, 16;
    %jmp/0xz  T_6.7, 4;
    %pushi/vec4 0, 0, 16;
    %assign/vec4 v0x7ff8ead32f20_0, 0;
    %jmp T_6.8;
T_6.7 ;
    %load/vec4 v0x7ff8ead34440_0;
    %assign/vec4 v0x7ff8ead32f20_0, 0;
T_6.8 ;
    %jmp T_6.6;
T_6.6 ;
    %pop/vec4 1;
T_6.3 ;
T_6.1 ;
    %jmp T_6;
    .thread T_6;
    .scope S_0x7ff8ead315c0;
T_7 ;
    %wait E_0x7ff8ead10470;
    %load/vec4 v0x7ff8ead33340_0;
    %nor/r;
    %flag_set/vec4 8;
    %jmp/0xz  T_7.0, 8;
    %pushi/vec4 0, 0, 16;
    %assign/vec4 v0x7ff8ead34230_0, 0;
    %jmp T_7.1;
T_7.0 ;
    %load/vec4 v0x7ff8ead32a40_0;
    %flag_set/vec4 8;
    %jmp/0xz  T_7.2, 8;
    %pushi/vec4 0, 0, 16;
    %assign/vec4 v0x7ff8ead34230_0, 0;
    %jmp T_7.3;
T_7.2 ;
    %load/vec4 v0x7ff8ead32ae0_0;
    %parti/s 1, 10, 5;
    %dup/vec4;
    %pushi/vec4 0, 0, 1;
    %cmp/u;
    %jmp/1 T_7.4, 6;
    %dup/vec4;
    %pushi/vec4 1, 0, 1;
    %cmp/u;
    %jmp/1 T_7.5, 6;
    %jmp T_7.6;
T_7.4 ;
    %load/vec4 v0x7ff8ead342e0_0;
    %pushi/vec4 0, 0, 16;
    %cmp/e;
    %flag_get/vec4 4;
    %inv;
    %load/vec4 v0x7ff8ead32ae0_0;
    %parti/s 1, 12, 5;
    %pushi/vec4 1, 0, 1;
    %cmp/e;
    %flag_get/vec4 4;
    %and;
    %flag_set/vec4 8;
    %jmp/0xz  T_7.7, 8;
    %load/vec4 v0x7ff8ead342e0_0;
    %assign/vec4 v0x7ff8ead34230_0, 0;
    %jmp T_7.8;
T_7.7 ;
    %load/vec4 v0x7ff8ead32ae0_0;
    %parti/s 1, 159, 9;
    %dup/vec4;
    %pushi/vec4 0, 0, 1;
    %cmp/u;
    %jmp/1 T_7.9, 6;
    %dup/vec4;
    %pushi/vec4 1, 0, 1;
    %cmp/u;
    %jmp/1 T_7.10, 6;
    %jmp T_7.11;
T_7.9 ;
    %load/vec4 v0x7ff8ead34230_0;
    %load/vec4 v0x7ff8ead32ae0_0;
    %parti/s 15, 144, 9;
    %pad/u 16;
    %add;
    %assign/vec4 v0x7ff8ead34230_0, 0;
    %jmp T_7.11;
T_7.10 ;
    %load/vec4 v0x7ff8ead34230_0;
    %load/vec4 v0x7ff8ead32ae0_0;
    %parti/s 15, 144, 9;
    %pad/u 16;
    %sub;
    %assign/vec4 v0x7ff8ead34230_0, 0;
    %jmp T_7.11;
T_7.11 ;
    %pop/vec4 1;
T_7.8 ;
    %jmp T_7.6;
T_7.5 ;
    %load/vec4 v0x7ff8ead32ae0_0;
    %parti/s 16, 144, 9;
    %assign/vec4 v0x7ff8ead34230_0, 0;
    %jmp T_7.6;
T_7.6 ;
    %pop/vec4 1;
T_7.3 ;
T_7.1 ;
    %jmp T_7;
    .thread T_7;
    .scope S_0x7ff8ead315c0;
T_8 ;
    %wait E_0x7ff8ead10470;
    %load/vec4 v0x7ff8ead33340_0;
    %nor/r;
    %flag_set/vec4 8;
    %jmp/0xz  T_8.0, 8;
    %pushi/vec4 0, 0, 16;
    %assign/vec4 v0x7ff8ead342e0_0, 0;
    %jmp T_8.1;
T_8.0 ;
    %load/vec4 v0x7ff8ead32a40_0;
    %flag_set/vec4 8;
    %jmp/0xz  T_8.2, 8;
    %pushi/vec4 0, 0, 16;
    %assign/vec4 v0x7ff8ead342e0_0, 0;
    %jmp T_8.3;
T_8.2 ;
    %load/vec4 v0x7ff8ead32ae0_0;
    %parti/s 1, 12, 5;
    %dup/vec4;
    %pushi/vec4 0, 0, 1;
    %cmp/u;
    %jmp/1 T_8.4, 6;
    %dup/vec4;
    %pushi/vec4 1, 0, 1;
    %cmp/u;
    %jmp/1 T_8.5, 6;
    %jmp T_8.6;
T_8.4 ;
    %load/vec4 v0x7ff8ead342e0_0;
    %assign/vec4 v0x7ff8ead342e0_0, 0;
    %jmp T_8.6;
T_8.5 ;
    %pushi/vec4 0, 0, 16;
    %load/vec4 v0x7ff8ead342e0_0;
    %cmp/u;
    %jmp/0xz  T_8.7, 5;
    %pushi/vec4 0, 0, 16;
    %assign/vec4 v0x7ff8ead342e0_0, 0;
    %jmp T_8.8;
T_8.7 ;
    %load/vec4 v0x7ff8ead34230_0;
    %assign/vec4 v0x7ff8ead342e0_0, 0;
T_8.8 ;
    %jmp T_8.6;
T_8.6 ;
    %pop/vec4 1;
T_8.3 ;
T_8.1 ;
    %jmp T_8;
    .thread T_8;
    .scope S_0x7ff8ead315c0;
T_9 ;
    %wait E_0x7ff8ead10470;
    %load/vec4 v0x7ff8ead33340_0;
    %nor/r;
    %flag_set/vec4 8;
    %jmp/0xz  T_9.0, 8;
    %pushi/vec4 0, 0, 16;
    %assign/vec4 v0x7ff8ead345f0_0, 0;
    %jmp T_9.1;
T_9.0 ;
    %load/vec4 v0x7ff8ead32a40_0;
    %flag_set/vec4 8;
    %jmp/0xz  T_9.2, 8;
    %pushi/vec4 0, 0, 16;
    %assign/vec4 v0x7ff8ead345f0_0, 0;
    %jmp T_9.3;
T_9.2 ;
    %load/vec4 v0x7ff8ead32ae0_0;
    %parti/s 1, 9, 5;
    %dup/vec4;
    %pushi/vec4 0, 0, 1;
    %cmp/u;
    %jmp/1 T_9.4, 6;
    %dup/vec4;
    %pushi/vec4 1, 0, 1;
    %cmp/u;
    %jmp/1 T_9.5, 6;
    %jmp T_9.6;
T_9.4 ;
    %load/vec4 v0x7ff8ead32ae0_0;
    %parti/s 1, 143, 9;
    %dup/vec4;
    %pushi/vec4 0, 0, 1;
    %cmp/u;
    %jmp/1 T_9.7, 6;
    %dup/vec4;
    %pushi/vec4 1, 0, 1;
    %cmp/u;
    %jmp/1 T_9.8, 6;
    %jmp T_9.9;
T_9.7 ;
    %load/vec4 v0x7ff8ead345f0_0;
    %load/vec4 v0x7ff8ead32ae0_0;
    %parti/s 15, 128, 9;
    %pad/u 16;
    %add;
    %assign/vec4 v0x7ff8ead345f0_0, 0;
    %jmp T_9.9;
T_9.8 ;
    %load/vec4 v0x7ff8ead345f0_0;
    %load/vec4 v0x7ff8ead32ae0_0;
    %parti/s 15, 128, 9;
    %pad/u 16;
    %sub;
    %assign/vec4 v0x7ff8ead345f0_0, 0;
    %jmp T_9.9;
T_9.9 ;
    %pop/vec4 1;
    %jmp T_9.6;
T_9.5 ;
    %load/vec4 v0x7ff8ead32ae0_0;
    %parti/s 16, 128, 9;
    %assign/vec4 v0x7ff8ead345f0_0, 0;
    %jmp T_9.6;
T_9.6 ;
    %pop/vec4 1;
T_9.3 ;
T_9.1 ;
    %jmp T_9;
    .thread T_9;
    .scope S_0x7ff8ead315c0;
T_10 ;
    %wait E_0x7ff8ead10470;
    %load/vec4 v0x7ff8ead33340_0;
    %nor/r;
    %flag_set/vec4 8;
    %jmp/0xz  T_10.0, 8;
    %pushi/vec4 0, 0, 6;
    %assign/vec4 v0x7ff8ead34710_0, 0;
    %jmp T_10.1;
T_10.0 ;
    %load/vec4 v0x7ff8ead32a40_0;
    %flag_set/vec4 8;
    %jmp/0xz  T_10.2, 8;
    %pushi/vec4 0, 0, 6;
    %assign/vec4 v0x7ff8ead34710_0, 0;
    %jmp T_10.3;
T_10.2 ;
    %load/vec4 v0x7ff8ead32ae0_0;
    %parti/s 1, 13, 5;
    %dup/vec4;
    %pushi/vec4 0, 0, 1;
    %cmp/u;
    %jmp/1 T_10.4, 6;
    %dup/vec4;
    %pushi/vec4 1, 0, 1;
    %cmp/u;
    %jmp/1 T_10.5, 6;
    %jmp T_10.6;
T_10.4 ;
    %load/vec4 v0x7ff8ead34710_0;
    %load/vec4 v0x7ff8ead32ae0_0;
    %parti/s 6, 169, 9;
    %add;
    %assign/vec4 v0x7ff8ead34710_0, 0;
    %jmp T_10.6;
T_10.5 ;
    %load/vec4 v0x7ff8ead32ae0_0;
    %parti/s 6, 169, 9;
    %assign/vec4 v0x7ff8ead34710_0, 0;
    %jmp T_10.6;
T_10.6 ;
    %pop/vec4 1;
T_10.3 ;
T_10.1 ;
    %jmp T_10;
    .thread T_10;
    .scope S_0x7ff8ead315c0;
T_11 ;
    %wait E_0x7ff8ead10470;
    %load/vec4 v0x7ff8ead33340_0;
    %nor/r;
    %flag_set/vec4 8;
    %jmp/0xz  T_11.0, 8;
    %pushi/vec4 0, 0, 6;
    %assign/vec4 v0x7ff8ead340d0_0, 0;
    %jmp T_11.1;
T_11.0 ;
    %load/vec4 v0x7ff8ead32a40_0;
    %flag_set/vec4 8;
    %jmp/0xz  T_11.2, 8;
    %pushi/vec4 0, 0, 6;
    %assign/vec4 v0x7ff8ead340d0_0, 0;
    %jmp T_11.3;
T_11.2 ;
    %load/vec4 v0x7ff8ead32ae0_0;
    %parti/s 1, 14, 5;
    %dup/vec4;
    %pushi/vec4 0, 0, 1;
    %cmp/u;
    %jmp/1 T_11.4, 6;
    %dup/vec4;
    %pushi/vec4 1, 0, 1;
    %cmp/u;
    %jmp/1 T_11.5, 6;
    %jmp T_11.6;
T_11.4 ;
    %load/vec4 v0x7ff8ead340d0_0;
    %load/vec4 v0x7ff8ead32ae0_0;
    %parti/s 6, 190, 9;
    %add;
    %assign/vec4 v0x7ff8ead340d0_0, 0;
    %jmp T_11.6;
T_11.5 ;
    %load/vec4 v0x7ff8ead32ae0_0;
    %parti/s 6, 190, 9;
    %assign/vec4 v0x7ff8ead340d0_0, 0;
    %jmp T_11.6;
T_11.6 ;
    %pop/vec4 1;
T_11.3 ;
T_11.1 ;
    %jmp T_11;
    .thread T_11;
    .scope S_0x7ff8ead315c0;
T_12 ;
    %wait E_0x7ff8ead10470;
    %load/vec4 v0x7ff8ead33340_0;
    %nor/r;
    %flag_set/vec4 8;
    %jmp/0xz  T_12.0, 8;
    %pushi/vec4 0, 0, 1;
    %assign/vec4 v0x7ff8ead344d0_0, 0;
    %jmp T_12.1;
T_12.0 ;
    %load/vec4 v0x7ff8ead32a40_0;
    %flag_set/vec4 8;
    %jmp/0xz  T_12.2, 8;
    %pushi/vec4 0, 0, 1;
    %assign/vec4 v0x7ff8ead344d0_0, 0;
    %jmp T_12.3;
T_12.2 ;
    %load/vec4 v0x7ff8ead32ae0_0;
    %parti/s 1, 176, 9;
    %flag_set/vec4 8;
    %jmp/0xz  T_12.4, 8;
    %load/vec4 v0x7ff8ead344d0_0;
    %nor/r;
    %assign/vec4 v0x7ff8ead344d0_0, 0;
T_12.4 ;
T_12.3 ;
T_12.1 ;
    %jmp T_12;
    .thread T_12;
    .scope S_0x7ff8ead315c0;
T_13 ;
    %wait E_0x7ff8ead10470;
    %load/vec4 v0x7ff8ead33340_0;
    %nor/r;
    %flag_set/vec4 8;
    %jmp/0xz  T_13.0, 8;
    %pushi/vec4 0, 0, 256;
    %assign/vec4 v0x7ff8ead34020_0, 0;
    %jmp T_13.1;
T_13.0 ;
    %load/vec4 v0x7ff8ead32a40_0;
    %nor/r;
    %flag_set/vec4 8;
    %jmp/0xz  T_13.2, 8;
    %load/vec4 v0x7ff8ead32ae0_0;
    %assign/vec4 v0x7ff8ead34020_0, 0;
T_13.2 ;
T_13.1 ;
    %jmp T_13;
    .thread T_13;
    .scope S_0x7ff8ead315c0;
T_14 ;
    %wait E_0x7ff8ead10470;
    %load/vec4 v0x7ff8ead33340_0;
    %nor/r;
    %flag_set/vec4 8;
    %jmp/0xz  T_14.0, 8;
    %pushi/vec4 0, 0, 16;
    %assign/vec4 v0x7ff8ead32fd0_0, 0;
    %jmp T_14.1;
T_14.0 ;
    %load/vec4 v0x7ff8ead32a40_0;
    %nor/r;
    %flag_set/vec4 8;
    %jmp/0xz  T_14.2, 8;
    %load/vec4 v0x7ff8ead34440_0;
    %assign/vec4 v0x7ff8ead32fd0_0, 0;
T_14.2 ;
T_14.1 ;
    %jmp T_14;
    .thread T_14;
    .scope S_0x7ff8ead315c0;
T_15 ;
    %wait E_0x7ff8ead10470;
    %load/vec4 v0x7ff8ead33340_0;
    %nor/r;
    %flag_set/vec4 8;
    %jmp/0xz  T_15.0, 8;
    %pushi/vec4 0, 0, 16;
    %assign/vec4 v0x7ff8ead34680_0, 0;
    %jmp T_15.1;
T_15.0 ;
    %load/vec4 v0x7ff8ead32a40_0;
    %nor/r;
    %flag_set/vec4 8;
    %jmp/0xz  T_15.2, 8;
    %load/vec4 v0x7ff8ead345f0_0;
    %assign/vec4 v0x7ff8ead34680_0, 0;
T_15.2 ;
T_15.1 ;
    %jmp T_15;
    .thread T_15;
    .scope S_0x7ff8ead315c0;
T_16 ;
    %wait E_0x7ff8ead10470;
    %load/vec4 v0x7ff8ead33340_0;
    %nor/r;
    %flag_set/vec4 8;
    %jmp/0xz  T_16.0, 8;
    %pushi/vec4 0, 0, 16;
    %assign/vec4 v0x7ff8ead34390_0, 0;
    %jmp T_16.1;
T_16.0 ;
    %load/vec4 v0x7ff8ead32a40_0;
    %nor/r;
    %flag_set/vec4 8;
    %jmp/0xz  T_16.2, 8;
    %load/vec4 v0x7ff8ead34230_0;
    %assign/vec4 v0x7ff8ead34390_0, 0;
T_16.2 ;
T_16.1 ;
    %jmp T_16;
    .thread T_16;
    .scope S_0x7ff8ead315c0;
T_17 ;
    %wait E_0x7ff8ead10470;
    %load/vec4 v0x7ff8ead33340_0;
    %nor/r;
    %flag_set/vec4 8;
    %jmp/0xz  T_17.0, 8;
    %pushi/vec4 0, 0, 6;
    %assign/vec4 v0x7ff8ead347a0_0, 0;
    %jmp T_17.1;
T_17.0 ;
    %load/vec4 v0x7ff8ead32a40_0;
    %nor/r;
    %flag_set/vec4 8;
    %jmp/0xz  T_17.2, 8;
    %load/vec4 v0x7ff8ead34710_0;
    %assign/vec4 v0x7ff8ead347a0_0, 0;
T_17.2 ;
T_17.1 ;
    %jmp T_17;
    .thread T_17;
    .scope S_0x7ff8ead315c0;
T_18 ;
    %wait E_0x7ff8ead10470;
    %load/vec4 v0x7ff8ead33340_0;
    %nor/r;
    %flag_set/vec4 8;
    %jmp/0xz  T_18.0, 8;
    %pushi/vec4 0, 0, 6;
    %assign/vec4 v0x7ff8ead34180_0, 0;
    %jmp T_18.1;
T_18.0 ;
    %load/vec4 v0x7ff8ead32a40_0;
    %nor/r;
    %flag_set/vec4 8;
    %jmp/0xz  T_18.2, 8;
    %load/vec4 v0x7ff8ead340d0_0;
    %assign/vec4 v0x7ff8ead34180_0, 0;
T_18.2 ;
T_18.1 ;
    %jmp T_18;
    .thread T_18;
    .scope S_0x7ff8ead315c0;
T_19 ;
    %wait E_0x7ff8ead10470;
    %load/vec4 v0x7ff8ead33340_0;
    %nor/r;
    %flag_set/vec4 8;
    %jmp/0xz  T_19.0, 8;
    %pushi/vec4 0, 0, 1;
    %assign/vec4 v0x7ff8ead34560_0, 0;
    %jmp T_19.1;
T_19.0 ;
    %load/vec4 v0x7ff8ead32a40_0;
    %nor/r;
    %flag_set/vec4 8;
    %jmp/0xz  T_19.2, 8;
    %load/vec4 v0x7ff8ead344d0_0;
    %assign/vec4 v0x7ff8ead34560_0, 0;
T_19.2 ;
T_19.1 ;
    %jmp T_19;
    .thread T_19;
    .scope S_0x7ff8ead17c90;
T_20 ;
    %wait E_0x7ff8ead09020;
    %load/vec4 v0x7ff8ead09ae0_0;
    %pad/u 15;
    %ix/vec4 4;
    %load/vec4a v0x7ff8ead2be40, 4;
    %assign/vec4 v0x7ff8ead2bc50_0, 0;
    %jmp T_20;
    .thread T_20;
    .scope S_0x7ff8ead2c050;
T_21 ;
    %wait E_0x7ff8ead09020;
    %load/vec4 v0x7ff8ead2c560_0;
    %pad/u 15;
    %ix/vec4 4;
    %load/vec4a v0x7ff8ead2cf50, 4;
    %assign/vec4 v0x7ff8ead2cd60_0, 0;
    %jmp T_21;
    .thread T_21;
    .scope S_0x7ff8ead2d160;
T_22 ;
    %wait E_0x7ff8ead09020;
    %load/vec4 v0x7ff8ead2d6d0_0;
    %pad/u 15;
    %ix/vec4 4;
    %load/vec4a v0x7ff8ead2e0f0, 4;
    %assign/vec4 v0x7ff8ead2df00_0, 0;
    %jmp T_22;
    .thread T_22;
    .scope S_0x7ff8ead2e300;
T_23 ;
    %wait E_0x7ff8ead09020;
    %load/vec4 v0x7ff8ead2e860_0;
    %pad/u 15;
    %ix/vec4 4;
    %load/vec4a v0x7ff8ead2f240, 4;
    %assign/vec4 v0x7ff8ead2f050_0, 0;
    %jmp T_23;
    .thread T_23;
    .scope S_0x7ff8ead189c0;
T_24 ;
    %wait E_0x7ff8ead09020;
    %load/vec4 v0x7ff8ead2f450_0;
    %assign/vec4 v0x7ff8ead2fff0_0, 0;
    %jmp T_24;
    .thread T_24;
    .scope S_0x7ff8ead1a120;
T_25 ;
    %pushi/vec4 1, 0, 1;
    %store/vec4 v0x7ff8ead36fb0_0, 0, 1;
    %delay 5, 0;
    %pushi/vec4 0, 0, 1;
    %store/vec4 v0x7ff8ead36fb0_0, 0, 1;
    %delay 5, 0;
    %jmp T_25;
    .thread T_25;
    .scope S_0x7ff8ead1a120;
T_26 ;
    %vpi_call 2 26 "$display", "Start loading memory" {0 0 0};
    %vpi_call 2 27 "$dumpfile", "wave.vcd" {0 0 0};
    %vpi_call 2 28 "$dumpvars", 32'sb00000000000000000000000000000000, S_0x7ff8ead1ac30 {0 0 0};
    %vpi_call 2 29 "$readmemb", "memfile.dat", v0x7ff8ead2be40 {0 0 0};
    %vpi_call 2 30 "$readmemb", "memfile.dat", v0x7ff8ead2f240 {0 0 0};
    %vpi_call 2 31 "$readmemb", "memfile.dat", v0x7ff8ead2e0f0 {0 0 0};
    %vpi_call 2 32 "$readmemb", "memfile.dat", v0x7ff8ead2cf50 {0 0 0};
    %pushi/vec4 0, 0, 1;
    %store/vec4 v0x7ff8ead37160_0, 0, 1;
    %pushi/vec4 0, 0, 14;
    %store/vec4 v0x7ff8ead37230_0, 0, 14;
    %pushi/vec4 0, 0, 1;
    %store/vec4 v0x7ff8ead193f0_0, 0, 1;
    %pushi/vec4 0, 0, 256;
    %store/vec4 v0x7ff8ead37040_0, 0, 256;
    %pushi/vec4 0, 0, 1;
    %store/vec4 v0x7ff8ead37300_0, 0, 1;
    %delay 11, 0;
    %pushi/vec4 1, 0, 1;
    %store/vec4 v0x7ff8ead37160_0, 0, 1;
    %delay 200000, 0;
    %vpi_call 2 45 "$dumpflush" {0 0 0};
    %delay 10, 0;
    %vpi_call 2 46 "$finish" {0 0 0};
    %end;
    .thread T_26;
# The file index is used to find the file name in the following table.
:file_names 7;
    "N/A";
    "<interactive>";
    "IP2_TEST.v";
    "IP2.v";
    "MEMI.v";
    "SRAM.v";
    "SEQUENCER.v";
